============================= test session starts ==============================
platform linux -- Python 3.12.3, pytest-8.3.5, pluggy-1.6.0 -- /home/emilio/Documents/ai/md/.venv/bin/python
cachedir: .pytest_cache
rootdir: /home/emilio/Documents/ai/md
configfile: pytest.ini
plugins: anyio-4.9.0, cov-6.1.1
collecting ... collected 888 items

proteinMD/test_charmm36_comprehensive.py::TestCHARMM36ForceField::test_01_force_field_initialization PASSED [  0%]
proteinMD/test_charmm36_comprehensive.py::TestCHARMM36ForceField::test_02_parameter_database_coverage PASSED [  0%]
proteinMD/test_charmm36_comprehensive.py::TestCHARMM36ForceField::test_03_amino_acid_library PASSED [  0%]
proteinMD/test_charmm36_comprehensive.py::TestCHARMM36ForceField::test_04_protein_validation_small_peptide PASSED [  0%]
proteinMD/test_charmm36_comprehensive.py::TestCHARMM36ForceField::test_05_protein_validation_charged_residues PASSED [  0%]
proteinMD/test_charmm36_comprehensive.py::TestCHARMM36ForceField::test_06_protein_validation_aromatic_residues PASSED [  0%]
proteinMD/test_charmm36_comprehensive.py::TestCHARMM36ForceField::test_07_parameter_assignment PASSED [  0%]
proteinMD/test_charmm36_comprehensive.py::TestCHARMM36ForceField::test_08_benchmark_against_reference PASSED [  0%]
proteinMD/test_charmm36_comprehensive.py::TestCHARMM36ForceField::test_09_performance_comparison_with_amber PASSED [  1%]
proteinMD/test_charmm36_comprehensive.py::TestCHARMM36ForceField::test_10_psf_parser PASSED [  1%]
proteinMD/test_charmm36_comprehensive.py::TestCHARMM36ForceField::test_11_simulation_system_creation PASSED [  1%]
proteinMD/test_custom_forcefield_comprehensive.py::TestCustomForceFieldImport::test_01_custom_forcefield_initialization PASSED [  1%]
proteinMD/test_custom_forcefield_comprehensive.py::TestCustomForceFieldImport::test_02_json_parameter_format PASSED [  1%]
proteinMD/test_custom_forcefield_comprehensive.py::TestCustomForceFieldImport::test_03_xml_parameter_format PASSED [  1%]
proteinMD/test_custom_forcefield_comprehensive.py::TestCustomForceFieldImport::test_04_parameter_validation PASSED [  1%]
proteinMD/test_custom_forcefield_comprehensive.py::TestCustomForceFieldImport::test_05_error_handling PASSED [  1%]
proteinMD/test_custom_forcefield_comprehensive.py::TestCustomForceFieldImport::test_06_protein_parameter_assignment PASSED [  1%]
proteinMD/test_custom_forcefield_comprehensive.py::TestCustomForceFieldImport::test_07_parameter_export PASSED [  2%]
proteinMD/test_custom_forcefield_comprehensive.py::TestCustomForceFieldImport::test_08_template_creation PASSED [  2%]
proteinMD/test_custom_forcefield_comprehensive.py::TestCustomForceFieldImport::test_09_documentation_examples PASSED [  2%]
proteinMD/test_custom_forcefield_comprehensive.py::TestCustomForceFieldImport::test_10_integration_with_existing_framework PASSED [  2%]
proteinMD/test_multithreading_final.py::test_optimized_parallel_forces PASSED [  2%]
proteinMD/test_multithreading_improved.py::test_improved_parallel_forces PASSED [  2%]
proteinMD/test_multithreading_simple.py::test_basic_parallel_forces SKIPPED [  2%]
proteinMD/test_optimized_nonbonded_comprehensive.py::TestOptimizedNonbondedInteractions::test_01_neighbor_list_functionality PASSED [  2%]
proteinMD/test_optimized_nonbonded_comprehensive.py::TestOptimizedNonbondedInteractions::test_02_cutoff_methods_validation PASSED [  2%]
proteinMD/test_optimized_nonbonded_comprehensive.py::TestOptimizedNonbondedInteractions::test_03_ewald_summation_implementation PASSED [  3%]
proteinMD/test_optimized_nonbonded_comprehensive.py::TestOptimizedNonbondedInteractions::test_04_performance_benchmark SKIPPED [  3%]
proteinMD/test_optimized_nonbonded_comprehensive.py::TestOptimizedNonbondedInteractions::test_05_energy_conservation PASSED [  3%]
proteinMD/test_optimized_nonbonded_comprehensive.py::TestOptimizedNonbondedInteractions::test_06_long_range_corrections PASSED [  3%]
proteinMD/test_optimized_nonbonded_comprehensive.py::TestOptimizedNonbondedInteractions::test_07_scaling_factors_and_exclusions PASSED [  3%]
proteinMD/test_optimized_nonbonded_comprehensive.py::TestOptimizedNonbondedInteractions::test_08_force_accuracy_validation PASSED [  3%]
proteinMD/test_optimized_nonbonded_comprehensive.py::TestOptimizedNonbondedInteractions::test_09_integration_with_existing_framework PASSED [  3%]
proteinMD/test_optimized_nonbonded_comprehensive.py::TestOptimizedNonbondedInteractions::test_10_comprehensive_validation PASSED [  3%]
proteinMD/test_replica_exchange_simple.py::test_remd_basic PASSED        [  3%]
proteinMD/test_task_41_completion.py::test_amber_ff14sb_basic PASSED     [  4%]
proteinMD/test_task_41_completion.py::test_validation_system PASSED      [  4%]
proteinMD/test_task_41_completion.py::test_amber_benchmarking PASSED     [  4%]
proteinMD/test_trajectory_animation_simple.py::test_trajectory_animation PASSED [  4%]
proteinMD/tests/test_amber_ff14sb.py::TestAmberFF14SB::test_force_field_initialization PASSED [  4%]
proteinMD/tests/test_amber_ff14sb.py::TestAmberFF14SB::test_amino_acid_coverage PASSED [  4%]
proteinMD/tests/test_amber_ff14sb.py::TestAmberFF14SB::test_atom_type_parameters PASSED [  4%]
proteinMD/tests/test_amber_ff14sb.py::TestAmberFF14SB::test_bond_parameters PASSED [  4%]
proteinMD/tests/test_amber_ff14sb.py::TestAmberFF14SB::test_angle_parameters PASSED [  4%]
proteinMD/tests/test_amber_ff14sb.py::TestAmberFF14SB::test_dihedral_parameters PASSED [  5%]
proteinMD/tests/test_amber_ff14sb.py::TestAmberFF14SB::test_atom_parameter_assignment PASSED [  5%]
proteinMD/tests/test_amber_ff14sb.py::TestAmberFF14SB::test_parameter_validation PASSED [  5%]
proteinMD/tests/test_amber_ff14sb.py::TestAmberFF14SB::test_residue_charge_neutrality PASSED [  5%]
proteinMD/tests/test_amber_ff14sb.py::TestAmberFF14SB::test_mass_consistency PASSED [  5%]
proteinMD/tests/test_amber_ff14sb.py::TestAmberFF14SB::test_lennard_jones_parameters PASSED [  5%]
proteinMD/tests/test_amber_ff14sb.py::TestAmberFF14SB::test_bond_length_reasonableness PASSED [  5%]
proteinMD/tests/test_amber_ff14sb.py::TestAmberFF14SB::test_angle_reasonableness PASSED [  5%]
proteinMD/tests/test_amber_ff14sb.py::TestAmberFF14SB::test_benchmark_simulation SKIPPED [  5%]
proteinMD/tests/test_amber_ff14sb.py::TestAmberFF14SB::test_system_creation PASSED [  6%]
proteinMD/tests/test_amber_ff14sb.py::TestAmberFF14SBIntegration::test_parameter_file_integrity PASSED [  6%]
proteinMD/tests/test_amber_ff14sb.py::TestAmberFF14SBIntegration::test_parameter_consistency PASSED [  6%]
proteinMD/tests/test_amber_ff14sb.py::TestAmberFF14SBIntegration::test_complete_protein_validation PASSED [  6%]
proteinMD/tests/test_amber_reference_validation.py::TestAmberReferenceValidator::test_validator_initialization PASSED [  6%]
proteinMD/tests/test_amber_reference_validation.py::TestAmberReferenceValidator::test_reference_data_creation PASSED [  6%]
proteinMD/tests/test_amber_reference_validation.py::TestAmberReferenceValidator::test_reference_data_properties PASSED [  6%]
proteinMD/tests/test_amber_reference_validation.py::TestAmberReferenceValidator::test_single_protein_validation SKIPPED [  6%]
proteinMD/tests/test_amber_reference_validation.py::TestAmberReferenceValidator::test_multiple_protein_validation PASSED [  6%]
proteinMD/tests/test_amber_reference_validation.py::TestAmberReferenceValidator::test_validation_report_generation PASSED [  7%]
proteinMD/tests/test_amber_reference_validation.py::TestAmberReferenceValidator::test_json_export PASSED [  7%]
proteinMD/tests/test_amber_reference_validation.py::TestAmberReferenceValidator::test_validation_accuracy_requirements SKIPPED [  7%]
proteinMD/tests/test_amber_reference_validation.py::TestAmberReferenceValidator::test_integration_with_force_field_benchmark PASSED [  7%]
proteinMD/tests/test_amber_reference_validation.py::TestAmberReferenceValidator::test_performance_scaling SKIPPED [  7%]
proteinMD/tests/test_amber_reference_validation.py::TestAmberReferenceValidator::test_error_handling PASSED [  7%]
proteinMD/tests/test_amber_reference_validation.py::TestAmberReferenceValidator::test_cached_reference_data PASSED [  7%]
proteinMD/tests/test_amber_reference_validation.py::TestAmberReferenceValidator::test_validation_reproducibility SKIPPED [  7%]
proteinMD/tests/test_amber_reference_validation.py::TestAmberReferenceData::test_reference_data_creation PASSED [  7%]
proteinMD/tests/test_amber_reference_validation.py::TestValidationResults::test_validation_results_creation PASSED [  8%]
proteinMD/tests/test_analysis.py::TestRMSDAnalysis::test_rmsd_calculator_initialization PASSED [  8%]
proteinMD/tests/test_analysis.py::TestRMSDAnalysis::test_rmsd_calculation_identical_structures PASSED [  8%]
proteinMD/tests/test_analysis.py::TestRMSDAnalysis::test_rmsd_calculation_different_structures PASSED [  8%]
proteinMD/tests/test_analysis.py::TestRMSDAnalysis::test_structural_alignment PASSED [  8%]
proteinMD/tests/test_analysis.py::TestRMSDAnalysis::test_rmsd_trajectory_analysis PASSED [  8%]
proteinMD/tests/test_analysis.py::TestRamachandranAnalysis::test_ramachandran_analyzer_initialization PASSED [  8%]
proteinMD/tests/test_analysis.py::TestRamachandranAnalysis::test_dihedral_angle_calculation PASSED [  8%]
proteinMD/tests/test_analysis.py::TestRamachandranAnalysis::test_ramachandran_plot_generation PASSED [  9%]
proteinMD/tests/test_analysis.py::TestRamachandranAnalysis::test_ramachandran_trajectory_analysis PASSED [  9%]
proteinMD/tests/test_analysis.py::TestHydrogenBondAnalysis::test_hydrogen_bond_analyzer_initialization PASSED [  9%]
proteinMD/tests/test_analysis.py::TestHydrogenBondAnalysis::test_hydrogen_bond_detection PASSED [  9%]
proteinMD/tests/test_analysis.py::TestHydrogenBondAnalysis::test_hydrogen_bond_criteria PASSED [  9%]
proteinMD/tests/test_analysis.py::TestHydrogenBondAnalysis::test_hydrogen_bond_lifetime_analysis PASSED [  9%]
proteinMD/tests/test_analysis.py::TestRadiusOfGyrationAnalysis::test_rg_analyzer_initialization PASSED [  9%]
proteinMD/tests/test_analysis.py::TestRadiusOfGyrationAnalysis::test_rg_calculation PASSED [  9%]
proteinMD/tests/test_analysis.py::TestRadiusOfGyrationAnalysis::test_rg_trajectory_analysis PASSED [  9%]
proteinMD/tests/test_analysis.py::TestRadiusOfGyrationAnalysis::test_rg_segmental_analysis PASSED [ 10%]
proteinMD/tests/test_analysis.py::TestSecondaryStructureAnalysis::test_ss_analyzer_initialization PASSED [ 10%]
proteinMD/tests/test_analysis.py::TestSecondaryStructureAnalysis::test_ss_assignment PASSED [ 10%]
proteinMD/tests/test_analysis.py::TestSecondaryStructureAnalysis::test_ss_trajectory_analysis PASSED [ 10%]
proteinMD/tests/test_analysis.py::TestSecondaryStructureAnalysis::test_ss_statistics_calculation PASSED [ 10%]
proteinMD/tests/test_analysis.py::TestAnalysisIntegration::test_multi_analysis_workflow PASSED [ 10%]
proteinMD/tests/test_analysis.py::TestAnalysisIntegration::test_analysis_performance_benchmarking PASSED [ 10%]
proteinMD/tests/test_analysis.py::TestAnalysisIntegration::test_analysis_memory_efficiency PASSED [ 10%]
proteinMD/tests/test_analysis.py::TestAnalysisPerformanceRegression::test_rmsd_calculation_performance PASSED [ 10%]
proteinMD/tests/test_analysis.py::TestAnalysisPerformanceRegression::test_hydrogen_bond_detection_performance PASSED [ 11%]
proteinMD/tests/test_barostat.py::TestBarostat::test_berendsen_barostat PASSED [ 11%]
proteinMD/tests/test_barostat.py::TestBarostat::test_extreme_pressure PASSED [ 11%]
proteinMD/tests/test_barostat.py::TestBarostat::test_no_barostat PASSED  [ 11%]
proteinMD/tests/test_barostat.py::TestBarostat::test_parrinello_rahman_barostat PASSED [ 11%]
proteinMD/tests/test_barostat.py::TestBarostat::test_pressure_calculation PASSED [ 11%]
proteinMD/tests/test_cli.py::TestProteinMDCLI::test_cli_initialization PASSED [ 11%]
proteinMD/tests/test_cli.py::TestProteinMDCLI::test_load_config_json PASSED [ 11%]
proteinMD/tests/test_cli.py::TestProteinMDCLI::test_load_config_yaml PASSED [ 11%]
proteinMD/tests/test_cli.py::TestProteinMDCLI::test_apply_builtin_template PASSED [ 12%]
proteinMD/tests/test_cli.py::TestProteinMDCLI::test_apply_user_template PASSED [ 12%]
proteinMD/tests/test_cli.py::TestProteinMDCLI::test_invalid_template PASSED [ 12%]
proteinMD/tests/test_cli.py::TestProteinMDCLI::test_setup_forcefield PASSED [ 12%]
proteinMD/tests/test_cli.py::TestProteinMDCLI::test_setup_forcefield_invalid PASSED [ 12%]
proteinMD/tests/test_cli.py::TestProteinMDCLI::test_setup_environment_explicit PASSED [ 12%]
proteinMD/tests/test_cli.py::TestProteinMDCLI::test_setup_environment_implicit PASSED [ 12%]
proteinMD/tests/test_cli.py::TestProteinMDCLI::test_create_template PASSED [ 12%]
proteinMD/tests/test_cli.py::TestProteinMDCLI::test_list_templates_builtin_only PASSED [ 12%]
proteinMD/tests/test_cli.py::TestProteinMDCLI::test_list_templates_with_user PASSED [ 13%]
proteinMD/tests/test_cli.py::TestProteinMDCLI::test_validate_setup_success PASSED [ 13%]
proteinMD/tests/test_cli.py::TestProteinMDCLI::test_validate_setup_failure PASSED [ 13%]
proteinMD/tests/test_cli.py::TestProteinMDCLI::test_generate_report PASSED [ 13%]
proteinMD/tests/test_cli.py::TestProteinMDCLI::test_batch_summary_generation PASSED [ 13%]
proteinMD/tests/test_cli.py::TestCLIUtilities::test_create_sample_config PASSED [ 13%]
proteinMD/tests/test_cli.py::TestCLIUtilities::test_create_completion_script PASSED [ 13%]
proteinMD/tests/test_cli.py::TestCLIIntegration::test_simulate_command_basic PASSED [ 13%]
proteinMD/tests/test_cli.py::TestCLIIntegration::test_simulate_with_template PASSED [ 13%]
proteinMD/tests/test_cli.py::TestCLIIntegration::test_simulate_imports_unavailable PASSED [ 14%]
proteinMD/tests/test_cli.py::TestCLIIntegration::test_analyze_command PASSED [ 14%]
proteinMD/tests/test_cli.py::TestCLIIntegration::test_batch_process PASSED [ 14%]
proteinMD/tests/test_cli.py::TestCLICommandLine::test_main_no_args PASSED [ 14%]
proteinMD/tests/test_cli.py::TestCLICommandLine::test_main_sample_config PASSED [ 14%]
proteinMD/tests/test_cli.py::TestCLICommandLine::test_main_list_templates PASSED [ 14%]
proteinMD/tests/test_cli.py::TestCLICommandLine::test_main_validate_setup PASSED [ 14%]
proteinMD/tests/test_cli.py::TestCLICommandLine::test_main_bash_completion PASSED [ 14%]
proteinMD/tests/test_cli.py::TestCLICommandLine::test_main_simulate_command XFAIL [ 14%]
proteinMD/tests/test_cli.py::TestCLICommandLine::test_main_keyboard_interrupt XFAIL [ 15%]
proteinMD/tests/test_cli.py::TestCLICommandLine::test_main_unexpected_error PASSED [ 15%]
proteinMD/tests/test_cli.py::TestCLIConfiguration::test_default_config_structure PASSED [ 15%]
proteinMD/tests/test_cli.py::TestCLIConfiguration::test_workflow_templates_structure PASSED [ 15%]
proteinMD/tests/test_cli.py::TestCLIConfiguration::test_config_merging PASSED [ 15%]
proteinMD/tests/test_core_simulation.py::TestMolecularDynamicsSimulation::test_simulation_initialization PASSED [ 15%]
proteinMD/tests/test_core_simulation.py::TestMolecularDynamicsSimulation::test_simulation_invalid_parameters PASSED [ 15%]
proteinMD/tests/test_core_simulation.py::TestMolecularDynamicsSimulation::test_single_step_integration PASSED [ 15%]
proteinMD/tests/test_core_simulation.py::TestMolecularDynamicsSimulation::test_multiple_step_simulation PASSED [ 15%]
proteinMD/tests/test_core_simulation.py::TestMolecularDynamicsSimulation::test_simulation_performance PASSED [ 16%]
proteinMD/tests/test_core_simulation.py::TestMolecularDynamicsSimulation::test_energy_conservation PASSED [ 16%]
proteinMD/tests/test_core_simulation.py::TestMolecularDynamicsSimulation::test_temperature_control PASSED [ 16%]
proteinMD/tests/test_core_simulation.py::TestMolecularDynamicsSimulation::test_trajectory_generation SKIPPED [ 16%]
proteinMD/tests/test_core_simulation.py::TestMolecularDynamicsSimulation::test_restart_functionality PASSED [ 16%]
proteinMD/tests/test_core_simulation.py::TestMolecularDynamicsSimulation::test_memory_usage PASSED [ 16%]
proteinMD/tests/test_core_simulation.py::TestMolecularDynamicsSimulation::test_error_handling PASSED [ 16%]
proteinMD/tests/test_core_simulation.py::TestIntegrationAlgorithms::test_integrator_types[verlet] SKIPPED [ 16%]
proteinMD/tests/test_core_simulation.py::TestIntegrationAlgorithms::test_integrator_types[leapfrog] SKIPPED [ 17%]
proteinMD/tests/test_core_simulation.py::TestIntegrationAlgorithms::test_integrator_types[runge_kutta] SKIPPED [ 17%]
proteinMD/tests/test_core_simulation.py::TestIntegrationAlgorithms::test_integrator_stability PASSED [ 17%]
proteinMD/tests/test_core_simulation.py::TestThermostatsAndBarostats::test_thermostat_types[langevin] SKIPPED [ 17%]
proteinMD/tests/test_core_simulation.py::TestThermostatsAndBarostats::test_thermostat_types[berendsen] SKIPPED [ 17%]
proteinMD/tests/test_core_simulation.py::TestThermostatsAndBarostats::test_thermostat_types[nose_hoover] SKIPPED [ 17%]
proteinMD/tests/test_core_simulation.py::TestThermostatsAndBarostats::test_barostat_types[berendsen] SKIPPED [ 17%]
proteinMD/tests/test_core_simulation.py::TestThermostatsAndBarostats::test_barostat_types[parrinello_rahman] SKIPPED [ 17%]
proteinMD/tests/test_core_simulation.py::TestThermostatsAndBarostats::test_barostat_types[monte_carlo] SKIPPED [ 17%]
proteinMD/tests/test_core_simulation.py::TestSimulationAnalysis::test_property_calculation PASSED [ 18%]
proteinMD/tests/test_core_simulation.py::TestSimulationAnalysis::test_monitoring_callbacks PASSED [ 18%]
proteinMD/tests/test_core_simulation.py::TestSimulationAnalysis::test_long_simulation PASSED [ 18%]
proteinMD/tests/test_core_simulation.py::TestSimulationWorkflow::test_equilibration_production_workflow PASSED [ 18%]
proteinMD/tests/test_core_simulation.py::TestMolecularDynamicsSimulationComprehensive::test_simulation_initialization_comprehensive PASSED [ 18%]
proteinMD/tests/test_core_simulation.py::TestMolecularDynamicsSimulationComprehensive::test_add_particles_comprehensive PASSED [ 18%]
proteinMD/tests/test_core_simulation.py::TestMolecularDynamicsSimulationComprehensive::test_topology_bonds PASSED [ 18%]
proteinMD/tests/test_core_simulation.py::TestMolecularDynamicsSimulationComprehensive::test_topology_angles PASSED [ 18%]
proteinMD/tests/test_core_simulation.py::TestMolecularDynamicsSimulationComprehensive::test_topology_dihedrals PASSED [ 18%]
proteinMD/tests/test_core_simulation.py::TestMolecularDynamicsSimulationComprehensive::test_velocity_initialization PASSED [ 19%]
proteinMD/tests/test_core_simulation.py::TestMolecularDynamicsSimulationComprehensive::test_energy_calculations PASSED [ 19%]
proteinMD/tests/test_core_simulation.py::TestMolecularDynamicsSimulationComprehensive::test_temperature_calculation PASSED [ 19%]
proteinMD/tests/test_core_simulation.py::TestMolecularDynamicsSimulationComprehensive::test_force_calculations PASSED [ 19%]
proteinMD/tests/test_core_simulation.py::TestMolecularDynamicsSimulationComprehensive::test_integration_algorithms PASSED [ 19%]
proteinMD/tests/test_core_simulation.py::TestMolecularDynamicsSimulationComprehensive::test_periodic_boundaries PASSED [ 19%]
proteinMD/tests/test_core_simulation.py::TestMolecularDynamicsSimulationComprehensive::test_thermostats PASSED [ 19%]
proteinMD/tests/test_core_simulation.py::TestMolecularDynamicsSimulationComprehensive::test_barostats PASSED [ 19%]
proteinMD/tests/test_core_simulation.py::TestMolecularDynamicsSimulationComprehensive::test_pressure_calculation PASSED [ 19%]
proteinMD/tests/test_core_simulation.py::TestMolecularDynamicsSimulationComprehensive::test_step_function PASSED [ 20%]
proteinMD/tests/test_core_simulation.py::TestMolecularDynamicsSimulationComprehensive::test_run_function PASSED [ 20%]
proteinMD/tests/test_core_simulation.py::TestMolecularDynamicsSimulationComprehensive::test_trajectory_saving PASSED [ 20%]
proteinMD/tests/test_core_simulation.py::TestMolecularDynamicsSimulationComprehensive::test_checkpoint_functionality PASSED [ 20%]
proteinMD/tests/test_core_simulation.py::TestMolecularDynamicsSimulationComprehensive::test_position_restraints PASSED [ 20%]
proteinMD/tests/test_core_simulation.py::TestMolecularDynamicsSimulationComprehensive::test_optimization_methods PASSED [ 20%]
proteinMD/tests/test_core_simulation.py::TestMolecularDynamicsSimulationComprehensive::test_energy_components PASSED [ 20%]
proteinMD/tests/test_core_simulation.py::TestMolecularDynamicsSimulationComprehensive::test_integration_step_consistency PASSED [ 20%]
proteinMD/tests/test_core_simulation.py::TestMolecularDynamicsSimulationComprehensive::test_callback_functionality PASSED [ 20%]
proteinMD/tests/test_core_simulation.py::TestMolecularDynamicsSimulationComprehensive::test_performance_tracking PASSED [ 21%]
proteinMD/tests/test_core_simulation.py::TestMolecularDynamicsSimulationComprehensive::test_error_conditions PASSED [ 21%]
proteinMD/tests/test_core_simulation.py::TestMolecularDynamicsSimulationComprehensive::test_boundary_conditions PASSED [ 21%]
proteinMD/tests/test_core_simulation.py::TestMolecularDynamicsSimulationComprehensive::test_memory_management PASSED [ 21%]
proteinMD/tests/test_core_simulation.py::TestAdvancedSimulationFeatures::test_large_system_handling PASSED [ 21%]
proteinMD/tests/test_core_simulation.py::TestAdvancedSimulationFeatures::test_extreme_conditions PASSED [ 21%]
proteinMD/tests/test_core_simulation.py::TestAdvancedSimulationFeatures::test_empty_system_handling PASSED [ 21%]
proteinMD/tests/test_core_simulation.py::TestAdvancedSimulationFeatures::test_complex_topology PASSED [ 21%]
proteinMD/tests/test_cross_correlation_enhanced.py::TestCrossCorrelationBasicFunctionality::test_analyzer_initialization PASSED [ 21%]
proteinMD/tests/test_cross_correlation_enhanced.py::TestCrossCorrelationBasicFunctionality::test_covariance_matrix_calculation PASSED [ 22%]
proteinMD/tests/test_cross_correlation_enhanced.py::TestCrossCorrelationBasicFunctionality::test_cross_correlation_calculation PASSED [ 22%]
proteinMD/tests/test_cross_correlation_enhanced.py::TestCrossCorrelationBasicFunctionality::test_window_size_parameter PASSED [ 22%]
proteinMD/tests/test_cross_correlation_enhanced.py::TestCrossCorrelationBasicFunctionality::test_mode_parameter PASSED [ 22%]
proteinMD/tests/test_cross_correlation_enhanced.py::TestCrossCorrelationAdvancedFeatures::test_backbone_mode_filtering PASSED [ 22%]
proteinMD/tests/test_cross_correlation_enhanced.py::TestCrossCorrelationAdvancedFeatures::test_sliding_window_analysis PASSED [ 22%]
proteinMD/tests/test_cross_correlation_enhanced.py::TestCrossCorrelationAdvancedFeatures::test_time_lagged_correlation PASSED [ 22%]
proteinMD/tests/test_cross_correlation_enhanced.py::TestCrossCorrelationVisualization::test_plot_correlation_matrix PASSED [ 22%]
proteinMD/tests/test_cross_correlation_enhanced.py::TestCrossCorrelationVisualization::test_plot_correlation_heatmap_with_clustering PASSED [ 22%]
proteinMD/tests/test_cross_correlation_enhanced.py::TestCrossCorrelationVisualization::test_save_visualization PASSED [ 23%]
proteinMD/tests/test_cross_correlation_enhanced.py::TestCrossCorrelationDataExport::test_export_correlation_matrix SKIPPED [ 23%]
proteinMD/tests/test_cross_correlation_enhanced.py::TestCrossCorrelationDataExport::test_export_results_comprehensive SKIPPED [ 23%]
proteinMD/tests/test_cross_correlation_enhanced.py::TestCrossCorrelationDataExport::test_export_json_metadata PASSED [ 23%]
proteinMD/tests/test_cross_correlation_enhanced.py::TestCrossCorrelationErrorHandling::test_empty_trajectory_handling PASSED [ 23%]
proteinMD/tests/test_cross_correlation_enhanced.py::TestCrossCorrelationErrorHandling::test_invalid_trajectory_shape PASSED [ 23%]
proteinMD/tests/test_cross_correlation_enhanced.py::TestCrossCorrelationErrorHandling::test_insufficient_frames PASSED [ 23%]
proteinMD/tests/test_cross_correlation_enhanced.py::TestCrossCorrelationErrorHandling::test_window_size_validation PASSED [ 23%]
proteinMD/tests/test_cross_correlation_enhanced.py::TestCrossCorrelationErrorHandling::test_mode_validation PASSED [ 23%]
proteinMD/tests/test_cross_correlation_enhanced.py::TestCrossCorrelationPerformance::test_large_trajectory_handling PASSED [ 24%]
proteinMD/tests/test_cross_correlation_enhanced.py::TestCrossCorrelationPerformance::test_memory_efficient_computation PASSED [ 24%]
proteinMD/tests/test_cross_correlation_enhanced.py::TestCrossCorrelationPerformance::test_parallel_computation PASSED [ 24%]
proteinMD/tests/test_energy_dashboard.py::TestEnergyPlotDashboard::test_add_data_point PASSED [ 24%]
proteinMD/tests/test_energy_dashboard.py::TestEnergyPlotDashboard::test_add_multiple_data_points PASSED [ 24%]
proteinMD/tests/test_energy_dashboard.py::TestEnergyPlotDashboard::test_clear_data PASSED [ 24%]
proteinMD/tests/test_energy_dashboard.py::TestEnergyPlotDashboard::test_connect_simulation PASSED [ 24%]
proteinMD/tests/test_energy_dashboard.py::TestEnergyPlotDashboard::test_export_data PASSED [ 24%]
proteinMD/tests/test_energy_dashboard.py::TestEnergyPlotDashboard::test_export_plot PASSED [ 25%]
proteinMD/tests/test_energy_dashboard.py::TestEnergyPlotDashboard::test_get_current_statistics PASSED [ 25%]
proteinMD/tests/test_energy_dashboard.py::TestEnergyPlotDashboard::test_initialization PASSED [ 25%]
proteinMD/tests/test_energy_dashboard.py::TestEnergyPlotDashboard::test_max_points_limit PASSED [ 25%]
proteinMD/tests/test_energy_dashboard.py::TestEnergyPlotDashboard::test_setup_plots PASSED [ 25%]
proteinMD/tests/test_energy_dashboard.py::TestEnergyPlotDashboard::test_simulation_integration PASSED [ 25%]
proteinMD/tests/test_energy_dashboard.py::TestEnergyPlotDashboard::test_update_plots PASSED [ 25%]
proteinMD/tests/test_energy_dashboard.py::TestCreateEnergyDashboard::test_create_energy_dashboard_no_simulation PASSED [ 25%]
proteinMD/tests/test_energy_dashboard.py::TestCreateEnergyDashboard::test_create_energy_dashboard_with_simulation PASSED [ 25%]
proteinMD/tests/test_environment.py::TestWaterSystem::test_water_system_initialization PASSED [ 26%]
proteinMD/tests/test_environment.py::TestWaterSystem::test_water_box_creation PASSED [ 26%]
proteinMD/tests/test_environment.py::TestWaterSystem::test_water_density_calculation PASSED [ 26%]
proteinMD/tests/test_environment.py::TestWaterSystem::test_water_molecule_geometry PASSED [ 26%]
proteinMD/tests/test_environment.py::TestWaterSolvationBox::test_solvation_box_initialization PASSED [ 26%]
proteinMD/tests/test_environment.py::TestWaterSolvationBox::test_protein_solvation PASSED [ 26%]
proteinMD/tests/test_environment.py::TestWaterSolvationBox::test_solvation_validation PASSED [ 26%]
proteinMD/tests/test_environment.py::TestTIP3PWaterModel::test_tip3p_parameters PASSED [ 26%]
proteinMD/tests/test_environment.py::TestTIP3PWaterModel::test_tip3p_water_creation PASSED [ 26%]
proteinMD/tests/test_environment.py::TestTIP3PWaterForceField::test_tip3p_force_field_initialization PASSED [ 27%]
proteinMD/tests/test_environment.py::TestTIP3PWaterForceField::test_water_water_interactions PASSED [ 27%]
proteinMD/tests/test_environment.py::TestTIP3PWaterForceField::test_water_protein_interactions PASSED [ 27%]
proteinMD/tests/test_environment.py::TestPeriodicBoundaryConditions::test_cubic_box_creation PASSED [ 27%]
proteinMD/tests/test_environment.py::TestPeriodicBoundaryConditions::test_orthogonal_box_creation PASSED [ 27%]
proteinMD/tests/test_environment.py::TestPeriodicBoundaryConditions::test_position_wrapping PASSED [ 27%]
proteinMD/tests/test_environment.py::TestPeriodicBoundaryConditions::test_minimum_image_distance PASSED [ 27%]
proteinMD/tests/test_environment.py::TestPeriodicBoundaryConditions::test_pressure_coupling PASSED [ 27%]
proteinMD/tests/test_environment.py::TestPeriodicBoundaryConditions::test_pbc_force_calculations PASSED [ 27%]
proteinMD/tests/test_environment.py::TestPeriodicBoundaryConditions::test_pbc_performance PASSED [ 28%]
proteinMD/tests/test_environment.py::TestImplicitSolventModel::test_implicit_solvent_initialization PASSED [ 28%]
proteinMD/tests/test_environment.py::TestImplicitSolventModel::test_generalized_born_calculation PASSED [ 28%]
proteinMD/tests/test_environment.py::TestImplicitSolventModel::test_surface_area_calculation PASSED [ 28%]
proteinMD/tests/test_environment.py::TestImplicitSolventModel::test_implicit_solvent_forces PASSED [ 28%]
proteinMD/tests/test_environment.py::TestImplicitSolventModel::test_implicit_solvent_performance PASSED [ 28%]
proteinMD/tests/test_environment.py::TestParallelForceCalculator::test_parallel_calculator_initialization PASSED [ 28%]
proteinMD/tests/test_environment.py::TestParallelForceCalculator::test_parallel_vs_serial_forces PASSED [ 28%]
proteinMD/tests/test_environment.py::TestParallelForceCalculator::test_parallel_speedup PASSED [ 28%]
proteinMD/tests/test_environment.py::TestParallelForceCalculator::test_thread_safety PASSED [ 29%]
proteinMD/tests/test_environment.py::TestEnvironmentIntegration::test_water_with_pbc PASSED [ 29%]
proteinMD/tests/test_environment.py::TestEnvironmentIntegration::test_implicit_vs_explicit_solvation PASSED [ 29%]
proteinMD/tests/test_environment.py::TestEnvironmentIntegration::test_environment_performance_comparison PASSED [ 29%]
proteinMD/tests/test_error_handling.py::TestProteinMDErrors::test_base_error_creation PASSED [ 29%]
proteinMD/tests/test_error_handling.py::TestProteinMDErrors::test_error_string_formatting PASSED [ 29%]
proteinMD/tests/test_error_handling.py::TestProteinMDErrors::test_specialized_errors PASSED [ 29%]
proteinMD/tests/test_error_handling.py::TestProteinMDLogger::test_logger_creation PASSED [ 29%]
proteinMD/tests/test_error_handling.py::TestProteinMDLogger::test_logger_setup PASSED [ 29%]
proteinMD/tests/test_error_handling.py::TestProteinMDLogger::test_context_logging PASSED [ 30%]
proteinMD/tests/test_error_handling.py::TestProteinMDLogger::test_context_stack PASSED [ 30%]
proteinMD/tests/test_error_handling.py::TestErrorRecovery::test_recovery_manager_creation PASSED [ 30%]
proteinMD/tests/test_error_handling.py::TestErrorRecovery::test_strategy_registration PASSED [ 30%]
proteinMD/tests/test_error_handling.py::TestErrorRecovery::test_successful_operation PASSED [ 30%]
proteinMD/tests/test_error_handling.py::TestErrorRecovery::test_operation_with_recovery PASSED [ 30%]
proteinMD/tests/test_error_handling.py::TestErrorRecovery::test_max_retries_exceeded PASSED [ 30%]
proteinMD/tests/test_error_handling.py::TestErrorReporter::test_error_report_creation PASSED [ 30%]
proteinMD/tests/test_error_handling.py::TestErrorReporter::test_proteinmd_error_report PASSED [ 30%]
proteinMD/tests/test_error_handling.py::TestErrorReporter::test_report_saving PASSED [ 31%]
proteinMD/tests/test_error_handling.py::TestPerformanceLogging::test_performance_logger_creation PASSED [ 31%]
proteinMD/tests/test_error_handling.py::TestPerformanceLogging::test_performance_monitoring_context PASSED [ 31%]
proteinMD/tests/test_error_handling.py::TestPerformanceLogging::test_performance_monitoring_decorator PASSED [ 31%]
proteinMD/tests/test_error_handling.py::TestPerformanceLogging::test_performance_report_generation PASSED [ 31%]
proteinMD/tests/test_error_handling.py::TestComponentLoggers::test_component_logger_creation PASSED [ 31%]
proteinMD/tests/test_error_handling.py::TestComponentLoggers::test_component_logging_with_context PASSED [ 31%]
proteinMD/tests/test_error_handling.py::TestLogManager::test_log_manager_creation PASSED [ 31%]
proteinMD/tests/test_error_handling.py::TestLogManager::test_json_logging PASSED [ 31%]
proteinMD/tests/test_error_handling.py::TestLogManager::test_component_logger_retrieval PASSED [ 32%]
proteinMD/tests/test_error_handling.py::TestErrorIntegration::test_simulation_error_handler PASSED [ 32%]
proteinMD/tests/test_error_handling.py::TestErrorIntegration::test_io_error_handler PASSED [ 32%]
proteinMD/tests/test_error_handling.py::TestErrorIntegration::test_proteinmd_exception_decorator PASSED [ 32%]
proteinMD/tests/test_error_handling.py::TestErrorIntegration::test_function_call_logging PASSED [ 32%]
proteinMD/tests/test_error_handling.py::TestRobustOperations::test_robust_operation_decorator PASSED [ 32%]
proteinMD/tests/test_error_handling.py::TestRobustOperations::test_graceful_degradation PASSED [ 32%]
proteinMD/tests/test_force_calculations.py::TestForceCalculations::test_angle_forces PASSED [ 32%]
proteinMD/tests/test_force_calculations.py::TestForceCalculations::test_bonded_forces_normal_distance PASSED [ 32%]
proteinMD/tests/test_force_calculations.py::TestForceCalculations::test_bonded_forces_zero_distance PASSED [ 33%]
proteinMD/tests/test_force_calculations.py::TestForceCalculations::test_dihedral_forces PASSED [ 33%]
proteinMD/tests/test_force_calculations.py::TestForceCalculations::test_electrostatic_forces_zero_charge PASSED [ 33%]
proteinMD/tests/test_force_calculations.py::TestForceCalculations::test_extreme_forces_limiting PASSED [ 33%]
proteinMD/tests/test_force_calculations.py::TestForceCalculations::test_nonbonded_forces_normal_distance PASSED [ 33%]
proteinMD/tests/test_force_calculations.py::TestForceCalculations::test_nonbonded_forces_very_close PASSED [ 33%]
proteinMD/tests/test_forcefield.py::TestForceFieldBase::test_force_field_initialization PASSED [ 33%]
proteinMD/tests/test_forcefield.py::TestForceFieldBase::test_force_field_invalid_parameters PASSED [ 33%]
proteinMD/tests/test_forcefield.py::TestForceFieldSystem::test_system_creation PASSED [ 34%]
proteinMD/tests/test_forcefield.py::TestForceFieldSystem::test_add_force_terms PASSED [ 34%]
proteinMD/tests/test_forcefield.py::TestForceFieldSystem::test_force_calculation PASSED [ 34%]
proteinMD/tests/test_forcefield.py::TestHarmonicBondForceTerm::test_bond_force_initialization PASSED [ 34%]
proteinMD/tests/test_forcefield.py::TestHarmonicBondForceTerm::test_bond_force_calculation PASSED [ 34%]
proteinMD/tests/test_forcefield.py::TestHarmonicBondForceTerm::test_bond_force_zero_displacement PASSED [ 34%]
proteinMD/tests/test_forcefield.py::TestHarmonicAngleForceTerm::test_angle_force_initialization PASSED [ 34%]
proteinMD/tests/test_forcefield.py::TestHarmonicAngleForceTerm::test_angle_force_calculation PASSED [ 34%]
proteinMD/tests/test_forcefield.py::TestLennardJonesForceTerm::test_lj_force_initialization PASSED [ 34%]
proteinMD/tests/test_forcefield.py::TestLennardJonesForceTerm::test_lj_force_calculation_two_atoms PASSED [ 35%]
proteinMD/tests/test_forcefield.py::TestLennardJonesForceTerm::test_lj_cutoff_behavior PASSED [ 35%]
proteinMD/tests/test_forcefield.py::TestCoulombForceTerm::test_coulomb_force_initialization PASSED [ 35%]
proteinMD/tests/test_forcefield.py::TestCoulombForceTerm::test_coulomb_force_calculation PASSED [ 35%]
proteinMD/tests/test_forcefield.py::TestCoulombForceTerm::test_coulomb_charge_neutrality PASSED [ 35%]
proteinMD/tests/test_forcefield.py::TestAmberFF14SB::test_amber_initialization PASSED [ 35%]
proteinMD/tests/test_forcefield.py::TestAmberFF14SB::test_amino_acid_coverage PASSED [ 35%]
proteinMD/tests/test_forcefield.py::TestAmberFF14SB::test_parameter_loading PASSED [ 35%]
proteinMD/tests/test_forcefield.py::TestAmberFF14SB::test_parameter_retrieval PASSED [ 35%]
proteinMD/tests/test_forcefield.py::TestAmberFF14SB::test_protein_parameter_validation PASSED [ 36%]
proteinMD/tests/test_forcefield.py::TestAmberFF14SB::test_system_creation PASSED [ 36%]
proteinMD/tests/test_forcefield.py::TestAmberFF14SB::test_amber_performance PASSED [ 36%]
proteinMD/tests/test_forcefield.py::TestAmberFF14SB::test_amber_benchmarking PASSED [ 36%]
proteinMD/tests/test_forcefield.py::TestParameterValidation::test_atom_type_parameters PASSED [ 36%]
proteinMD/tests/test_forcefield.py::TestParameterValidation::test_bond_parameters PASSED [ 36%]
proteinMD/tests/test_forcefield.py::TestParameterValidation::test_angle_parameters PASSED [ 36%]
proteinMD/tests/test_forcefield.py::TestParameterValidation::test_dihedral_parameters PASSED [ 36%]
proteinMD/tests/test_forcefield.py::TestParameterValidation::test_invalid_parameters PASSED [ 36%]
proteinMD/tests/test_forcefield.py::TestForceFieldPerformance::test_force_calculation_scaling PASSED [ 37%]
proteinMD/tests/test_forcefield.py::TestForceFieldPerformance::test_memory_efficiency PASSED [ 37%]
proteinMD/tests/test_gui_comprehensive.py::TestGUIInitialization::test_gui_window_creation SKIPPED [ 37%]
proteinMD/tests/test_gui_comprehensive.py::TestGUIInitialization::test_gui_widget_initialization SKIPPED [ 37%]
proteinMD/tests/test_gui_comprehensive.py::TestGUIInitialization::test_analysis_toggles_initialization SKIPPED [ 37%]
proteinMD/tests/test_gui_comprehensive.py::TestParameterCollection::test_get_simulation_parameters SKIPPED [ 37%]
proteinMD/tests/test_gui_comprehensive.py::TestParameterCollection::test_get_analysis_parameters_pca_enabled SKIPPED [ 37%]
proteinMD/tests/test_gui_comprehensive.py::TestParameterCollection::test_get_analysis_parameters_cross_correlation_enabled SKIPPED [ 37%]
proteinMD/tests/test_gui_comprehensive.py::TestParameterCollection::test_get_analysis_parameters_free_energy_disabled SKIPPED [ 37%]
proteinMD/tests/test_gui_comprehensive.py::TestParameterCollection::test_get_analysis_parameters_sasa_enabled SKIPPED [ 38%]
proteinMD/tests/test_gui_comprehensive.py::TestAnalysisIntegration::test_run_pca_analysis SKIPPED [ 38%]
proteinMD/tests/test_gui_comprehensive.py::TestAnalysisIntegration::test_run_cross_correlation_analysis SKIPPED [ 38%]
proteinMD/tests/test_gui_comprehensive.py::TestAnalysisIntegration::test_run_sasa_analysis SKIPPED [ 38%]
proteinMD/tests/test_gui_comprehensive.py::TestFileOperations::test_load_protein_file SKIPPED [ 38%]
proteinMD/tests/test_gui_comprehensive.py::TestFileOperations::test_save_results SKIPPED [ 38%]
proteinMD/tests/test_gui_comprehensive.py::TestErrorHandling::test_simulation_error_handling SKIPPED [ 38%]
proteinMD/tests/test_gui_comprehensive.py::TestErrorHandling::test_file_loading_error_handling SKIPPED [ 38%]
proteinMD/tests/test_gui_comprehensive.py::TestGUIIntegration::test_complete_workflow_simulation SKIPPED [ 38%]
proteinMD/tests/test_hydrogen_bonds.py::TestHydrogenBondDetector::test_angle_calculation PASSED [ 39%]
proteinMD/tests/test_hydrogen_bonds.py::TestHydrogenBondDetector::test_bond_strength_classification PASSED [ 39%]
proteinMD/tests/test_hydrogen_bonds.py::TestHydrogenBondDetector::test_bond_type_determination PASSED [ 39%]
proteinMD/tests/test_hydrogen_bonds.py::TestHydrogenBondDetector::test_detector_initialization PASSED [ 39%]
proteinMD/tests/test_hydrogen_bonds.py::TestHydrogenBondDetector::test_hydrogen_bond_detection_ideal_case PASSED [ 39%]
proteinMD/tests/test_hydrogen_bonds.py::TestHydrogenBondDetector::test_hydrogen_bond_detection_poor_angle PASSED [ 39%]
proteinMD/tests/test_hydrogen_bonds.py::TestHydrogenBondDetector::test_no_hydrogen_bond_detection PASSED [ 39%]
proteinMD/tests/test_hydrogen_bonds.py::TestHydrogenBondAnalyzer::test_empty_trajectory_handling PASSED [ 39%]
proteinMD/tests/test_hydrogen_bonds.py::TestHydrogenBondAnalyzer::test_plotting_without_analysis PASSED [ 39%]
proteinMD/tests/test_hydrogen_bonds.py::TestHydrogenBondAnalyzer::test_statistics_calculation PASSED [ 40%]
proteinMD/tests/test_hydrogen_bonds.py::TestHydrogenBondAnalyzer::test_statistics_without_analysis PASSED [ 40%]
proteinMD/tests/test_hydrogen_bonds.py::TestHydrogenBondAnalyzer::test_trajectory_analysis PASSED [ 40%]
proteinMD/tests/test_hydrogen_bonds.py::TestDataExport::test_csv_export PASSED [ 40%]
proteinMD/tests/test_hydrogen_bonds.py::TestDataExport::test_export_without_analysis PASSED [ 40%]
proteinMD/tests/test_hydrogen_bonds.py::TestDataExport::test_json_export PASSED [ 40%]
proteinMD/tests/test_hydrogen_bonds.py::TestFactoryFunctions::test_analyze_hydrogen_bonds_function PASSED [ 40%]
proteinMD/tests/test_hydrogen_bonds.py::TestFactoryFunctions::test_analyze_with_custom_parameters PASSED [ 40%]
proteinMD/tests/test_hydrogen_bonds.py::TestFactoryFunctions::test_quick_summary_function PASSED [ 40%]
proteinMD/tests/test_hydrogen_bonds.py::TestEdgeCases::test_invalid_geometry PASSED [ 41%]
proteinMD/tests/test_hydrogen_bonds.py::TestEdgeCases::test_large_system_performance PASSED [ 41%]
proteinMD/tests/test_hydrogen_bonds.py::TestEdgeCases::test_no_hydrogen_atoms PASSED [ 41%]
proteinMD/tests/test_hydrogen_bonds.py::TestEdgeCases::test_single_atom_system PASSED [ 41%]
proteinMD/tests/test_integration_workflows.py::TestCompleteSimulationWorkflows::test_protein_folding_workflow PASSED [ 41%]
proteinMD/tests/test_integration_workflows.py::TestCompleteSimulationWorkflows::test_equilibration_workflow PASSED [ 41%]
proteinMD/tests/test_integration_workflows.py::TestCompleteSimulationWorkflows::test_free_energy_workflow PASSED [ 41%]
proteinMD/tests/test_integration_workflows.py::TestCompleteSimulationWorkflows::test_steered_md_workflow PASSED [ 41%]
proteinMD/tests/test_integration_workflows.py::TestCompleteSimulationWorkflows::test_implicit_solvent_workflow PASSED [ 42%]
proteinMD/tests/test_integration_workflows.py::TestExperimentalDataValidation::test_amber_ff14sb_energy_validation PASSED [ 42%]
proteinMD/tests/test_integration_workflows.py::TestExperimentalDataValidation::test_water_density_validation PASSED [ 42%]
proteinMD/tests/test_integration_workflows.py::TestExperimentalDataValidation::test_protein_stability_validation SKIPPED [ 42%]
proteinMD/tests/test_integration_workflows.py::TestExperimentalDataValidation::test_secondary_structure_validation PASSED [ 42%]
proteinMD/tests/test_integration_workflows.py::TestCrossPlatformCompatibility::test_file_path_handling[linux] PASSED [ 42%]
proteinMD/tests/test_integration_workflows.py::TestCrossPlatformCompatibility::test_file_path_handling[darwin] SKIPPED [ 42%]
proteinMD/tests/test_integration_workflows.py::TestCrossPlatformCompatibility::test_file_path_handling[windows] SKIPPED [ 42%]
proteinMD/tests/test_integration_workflows.py::TestCrossPlatformCompatibility::test_memory_usage_limits[linux] PASSED [ 42%]
proteinMD/tests/test_integration_workflows.py::TestCrossPlatformCompatibility::test_memory_usage_limits[darwin] SKIPPED [ 43%]
proteinMD/tests/test_integration_workflows.py::TestCrossPlatformCompatibility::test_memory_usage_limits[windows] SKIPPED [ 43%]
proteinMD/tests/test_integration_workflows.py::TestCrossPlatformCompatibility::test_performance_variations[linux] PASSED [ 43%]
proteinMD/tests/test_integration_workflows.py::TestCrossPlatformCompatibility::test_performance_variations[darwin] SKIPPED [ 43%]
proteinMD/tests/test_integration_workflows.py::TestCrossPlatformCompatibility::test_performance_variations[windows] SKIPPED [ 43%]
proteinMD/tests/test_integration_workflows.py::TestMDSoftwareBenchmarks::test_small_system_performance PASSED [ 43%]
proteinMD/tests/test_integration_workflows.py::TestMDSoftwareBenchmarks::test_energy_conservation_benchmark PASSED [ 43%]
proteinMD/tests/test_integration_workflows.py::TestMDSoftwareBenchmarks::test_accuracy_benchmark PASSED [ 43%]
proteinMD/tests/test_integration_workflows.py::TestIntegrationTestExecution::test_workspace_setup PASSED [ 43%]
proteinMD/tests/test_integration_workflows.py::TestIntegrationTestExecution::test_reference_data_loading PASSED [ 44%]
proteinMD/tests/test_integration_workflows.py::TestIntegrationTestExecution::test_config_generation PASSED [ 44%]
proteinMD/tests/test_integration_workflows.py::TestIntegrationTestExecution::test_benchmark_data_availability PASSED [ 44%]
proteinMD/tests/test_metadynamics.py::TestMetadynamicsParameters::test_default_parameters PASSED [ 44%]
proteinMD/tests/test_metadynamics.py::TestMetadynamicsParameters::test_custom_parameters PASSED [ 44%]
proteinMD/tests/test_metadynamics.py::TestDistanceCV::test_initialization PASSED [ 44%]
proteinMD/tests/test_metadynamics.py::TestDistanceCV::test_initialization_with_groups PASSED [ 44%]
proteinMD/tests/test_metadynamics.py::TestDistanceCV::test_distance_calculation PASSED [ 44%]
proteinMD/tests/test_metadynamics.py::TestDistanceCV::test_distance_calculation_with_groups PASSED [ 44%]
proteinMD/tests/test_metadynamics.py::TestDistanceCV::test_distance_gradient PASSED [ 45%]
proteinMD/tests/test_metadynamics.py::TestDistanceCV::test_periodic_boundary_conditions PASSED [ 45%]
proteinMD/tests/test_metadynamics.py::TestDistanceCV::test_zero_distance_gradient PASSED [ 45%]
proteinMD/tests/test_metadynamics.py::TestAngleCV::test_initialization PASSED [ 45%]
proteinMD/tests/test_metadynamics.py::TestAngleCV::test_angle_calculation_90_degrees PASSED [ 45%]
proteinMD/tests/test_metadynamics.py::TestAngleCV::test_angle_calculation_180_degrees PASSED [ 45%]
proteinMD/tests/test_metadynamics.py::TestAngleCV::test_angle_calculation_60_degrees PASSED [ 45%]
proteinMD/tests/test_metadynamics.py::TestAngleCV::test_angle_gradient PASSED [ 45%]
proteinMD/tests/test_metadynamics.py::TestAngleCV::test_degenerate_angle PASSED [ 45%]
proteinMD/tests/test_metadynamics.py::TestAngleCV::test_angle_with_groups PASSED [ 46%]
proteinMD/tests/test_metadynamics.py::TestGaussianHill::test_hill_creation PASSED [ 46%]
proteinMD/tests/test_metadynamics.py::TestGaussianHill::test_hill_evaluation_at_center PASSED [ 46%]
proteinMD/tests/test_metadynamics.py::TestGaussianHill::test_hill_evaluation_away_from_center PASSED [ 46%]
proteinMD/tests/test_metadynamics.py::TestGaussianHill::test_hill_gradient PASSED [ 46%]
proteinMD/tests/test_metadynamics.py::TestMetadynamicsSimulation::test_simulation_initialization PASSED [ 46%]
proteinMD/tests/test_metadynamics.py::TestMetadynamicsSimulation::test_standard_metadynamics PASSED [ 46%]
proteinMD/tests/test_metadynamics.py::TestMetadynamicsSimulation::test_cv_value_calculation PASSED [ 46%]
proteinMD/tests/test_metadynamics.py::TestMetadynamicsSimulation::test_bias_potential_calculation PASSED [ 46%]
proteinMD/tests/test_metadynamics.py::TestMetadynamicsSimulation::test_bias_forces_calculation PASSED [ 47%]
proteinMD/tests/test_metadynamics.py::TestMetadynamicsSimulation::test_hill_deposition PASSED [ 47%]
proteinMD/tests/test_metadynamics.py::TestMetadynamicsSimulation::test_well_tempered_hill_height PASSED [ 47%]
proteinMD/tests/test_metadynamics.py::TestMetadynamicsSimulation::test_simulation_step PASSED [ 47%]
proteinMD/tests/test_metadynamics.py::TestMetadynamicsSimulation::test_simulation_run PASSED [ 47%]
proteinMD/tests/test_metadynamics.py::TestMetadynamicsSimulation::test_convergence_detection PASSED [ 47%]
proteinMD/tests/test_metadynamics.py::TestMetadynamicsSimulation::test_free_energy_surface_1d PASSED [ 47%]
proteinMD/tests/test_metadynamics.py::TestMetadynamicsSimulation::test_free_energy_surface_2d PASSED [ 47%]
proteinMD/tests/test_metadynamics.py::TestMetadynamicsSimulation::test_hills_save_load SKIPPED [ 47%]
proteinMD/tests/test_metadynamics.py::TestMetadynamicsSimulation::test_plotting_1d PASSED [ 48%]
proteinMD/tests/test_metadynamics.py::TestMetadynamicsSimulation::test_plotting_2d PASSED [ 48%]
proteinMD/tests/test_metadynamics.py::TestConvenienceFunctions::test_setup_distance_metadynamics PASSED [ 48%]
proteinMD/tests/test_metadynamics.py::TestConvenienceFunctions::test_setup_angle_metadynamics PASSED [ 48%]
proteinMD/tests/test_metadynamics.py::TestConvenienceFunctions::test_setup_protein_folding_metadynamics PASSED [ 48%]
proteinMD/tests/test_metadynamics.py::TestConvenienceFunctions::test_setup_protein_folding_default_atoms PASSED [ 48%]
proteinMD/tests/test_metadynamics.py::TestIntegration::test_complete_distance_metadynamics_workflow PASSED [ 48%]
proteinMD/tests/test_metadynamics.py::TestIntegration::test_complete_angle_metadynamics_workflow PASSED [ 48%]
proteinMD/tests/test_metadynamics.py::TestIntegration::test_well_tempered_convergence PASSED [ 48%]
proteinMD/tests/test_multi_format_io.py::TestFormatDetector::test_format_detection_by_extension PASSED [ 49%]
proteinMD/tests/test_multi_format_io.py::TestFormatDetector::test_format_detection_from_content PASSED [ 49%]
proteinMD/tests/test_multi_format_io.py::TestFormatDetector::test_format_detection_unknown_file PASSED [ 49%]
proteinMD/tests/test_multi_format_io.py::TestStructureIO::test_pdb_round_trip PASSED [ 49%]
proteinMD/tests/test_multi_format_io.py::TestStructureIO::test_xyz_round_trip PASSED [ 49%]
proteinMD/tests/test_multi_format_io.py::TestStructureIO::test_npz_round_trip PASSED [ 49%]
proteinMD/tests/test_multi_format_io.py::TestStructureIO::test_structure_conversion PASSED [ 49%]
proteinMD/tests/test_multi_format_io.py::TestStructureIO::test_read_nonexistent_file PASSED [ 49%]
proteinMD/tests/test_multi_format_io.py::TestTrajectoryIO::test_npz_trajectory_round_trip PASSED [ 50%]
proteinMD/tests/test_multi_format_io.py::TestTrajectoryIO::test_xyz_trajectory_round_trip PASSED [ 50%]
proteinMD/tests/test_multi_format_io.py::TestTrajectoryIO::test_trajectory_conversion PASSED [ 50%]
proteinMD/tests/test_multi_format_io.py::TestMultiFormatIO::test_multiformat_io_initialization PASSED [ 50%]
proteinMD/tests/test_multi_format_io.py::TestMultiFormatIO::test_file_validation PASSED [ 50%]
proteinMD/tests/test_multi_format_io.py::TestMultiFormatIO::test_validation_nonexistent_file PASSED [ 50%]
proteinMD/tests/test_multi_format_io.py::TestMultiFormatIO::test_unsupported_format_error PASSED [ 50%]
proteinMD/tests/test_multi_format_io.py::TestDataStructures::test_structure_data_properties PASSED [ 50%]
proteinMD/tests/test_multi_format_io.py::TestDataStructures::test_trajectory_data_properties PASSED [ 50%]
proteinMD/tests/test_multi_format_io.py::TestDataStructures::test_structure_data_creation PASSED [ 51%]
proteinMD/tests/test_multi_format_io.py::TestErrorHandling::test_empty_file_handling PASSED [ 51%]
proteinMD/tests/test_multi_format_io.py::TestErrorHandling::test_malformed_file_handling PASSED [ 51%]
proteinMD/tests/test_multi_format_io.py::TestErrorHandling::test_unsupported_trajectory_format PASSED [ 51%]
proteinMD/tests/test_multi_format_io.py::TestConvenienceFunctions::test_create_test_structure PASSED [ 51%]
proteinMD/tests/test_multi_format_io.py::TestConvenienceFunctions::test_create_test_trajectory PASSED [ 51%]
proteinMD/tests/test_multi_format_io.py::TestConvenienceFunctions::test_convenience_read_write PASSED [ 51%]
proteinMD/tests/test_multi_format_io.py::TestPerformance::test_large_structure_handling PASSED [ 51%]
proteinMD/tests/test_multi_format_io.py::TestPerformance::test_large_trajectory_handling PASSED [ 51%]
proteinMD/tests/test_multi_format_io.py::TestPerformance::test_memory_efficiency PASSED [ 52%]
proteinMD/tests/test_radius_of_gyration.py::TestBasicCalculations::test_center_of_mass_calculation PASSED [ 52%]
proteinMD/tests/test_radius_of_gyration.py::TestBasicCalculations::test_center_of_mass_edge_cases PASSED [ 52%]
proteinMD/tests/test_radius_of_gyration.py::TestBasicCalculations::test_mismatched_arrays PASSED [ 52%]
proteinMD/tests/test_radius_of_gyration.py::TestBasicCalculations::test_radius_of_gyration_calculation PASSED [ 52%]
proteinMD/tests/test_radius_of_gyration.py::TestBasicCalculations::test_radius_of_gyration_linear_system PASSED [ 52%]
proteinMD/tests/test_radius_of_gyration.py::TestBasicCalculations::test_segmental_analysis PASSED [ 52%]
proteinMD/tests/test_radius_of_gyration.py::TestRadiusOfGyrationAnalyzer::test_empty_trajectory_statistics PASSED [ 52%]
proteinMD/tests/test_radius_of_gyration.py::TestRadiusOfGyrationAnalyzer::test_segment_definition PASSED [ 52%]
proteinMD/tests/test_radius_of_gyration.py::TestRadiusOfGyrationAnalyzer::test_single_structure_analysis PASSED [ 53%]
proteinMD/tests/test_radius_of_gyration.py::TestRadiusOfGyrationAnalyzer::test_trajectory_analysis PASSED [ 53%]
proteinMD/tests/test_radius_of_gyration.py::TestRadiusOfGyrationAnalyzer::test_trajectory_time_mismatch PASSED [ 53%]
proteinMD/tests/test_radius_of_gyration.py::TestDataExport::test_csv_export PASSED [ 53%]
proteinMD/tests/test_radius_of_gyration.py::TestDataExport::test_json_export PASSED [ 53%]
proteinMD/tests/test_radius_of_gyration.py::TestDataExport::test_unsupported_format PASSED [ 53%]
proteinMD/tests/test_radius_of_gyration.py::TestAnalyzerCreation::test_create_rg_analyzer PASSED [ 53%]
proteinMD/tests/test_radius_of_gyration.py::TestPhysicalRealism::test_protein_like_rg_values PASSED [ 53%]
proteinMD/tests/test_radius_of_gyration.py::TestPhysicalRealism::test_rg_mass_independence PASSED [ 53%]
proteinMD/tests/test_radius_of_gyration.py::TestPhysicalRealism::test_rg_scaling_with_size PASSED [ 54%]
proteinMD/tests/test_ramachandran_analysis.py::TestDihedralCalculations::test_dihedral_angle_calculation PASSED [ 54%]
proteinMD/tests/test_ramachandran_analysis.py::TestDihedralCalculations::test_dihedral_angle_linear_case PASSED [ 54%]
proteinMD/tests/test_ramachandran_analysis.py::TestDihedralCalculations::test_dihedral_angle_negative PASSED [ 54%]
proteinMD/tests/test_ramachandran_analysis.py::TestBackboneExtraction::test_get_backbone_atoms PASSED [ 54%]
proteinMD/tests/test_ramachandran_analysis.py::TestBackboneExtraction::test_get_backbone_atoms_missing PASSED [ 54%]
proteinMD/tests/test_ramachandran_analysis.py::TestPhiPsiCalculations::test_calculate_phi_psi_angles PASSED [ 54%]
proteinMD/tests/test_ramachandran_analysis.py::TestPhiPsiCalculations::test_calculate_phi_psi_single_residue PASSED [ 54%]
proteinMD/tests/test_ramachandran_analysis.py::TestRamachandranAnalyzer::test_analyzer_initialization PASSED [ 54%]
proteinMD/tests/test_ramachandran_analysis.py::TestRamachandranAnalyzer::test_analyze_structure PASSED [ 55%]
proteinMD/tests/test_ramachandran_analysis.py::TestRamachandranAnalyzer::test_analyze_structure_with_time PASSED [ 55%]
proteinMD/tests/test_ramachandran_analysis.py::TestRamachandranAnalyzer::test_plot_ramachandran_empty PASSED [ 55%]
proteinMD/tests/test_ramachandran_analysis.py::TestRamachandranAnalyzer::test_plot_ramachandran_with_data PASSED [ 55%]
proteinMD/tests/test_ramachandran_analysis.py::TestRamachandranAnalyzer::test_plot_ramachandran_color_by_residue PASSED [ 55%]
proteinMD/tests/test_ramachandran_analysis.py::TestRamachandranAnalyzer::test_plot_angle_evolution_no_trajectory PASSED [ 55%]
proteinMD/tests/test_ramachandran_analysis.py::TestRamachandranAnalyzer::test_plot_angle_evolution_with_data PASSED [ 55%]
proteinMD/tests/test_ramachandran_analysis.py::TestTrajectoryAnalysis::test_analyze_trajectory_no_data PASSED [ 55%]
proteinMD/tests/test_ramachandran_analysis.py::TestTrajectoryAnalysis::test_analyze_trajectory_no_trajectory_attr PASSED [ 55%]
proteinMD/tests/test_ramachandran_analysis.py::TestTrajectoryAnalysis::test_analyze_trajectory_with_data PASSED [ 56%]
proteinMD/tests/test_ramachandran_analysis.py::TestDataExport::test_export_data_csv_single_structure PASSED [ 56%]
proteinMD/tests/test_ramachandran_analysis.py::TestDataExport::test_export_data_json_single_structure PASSED [ 56%]
proteinMD/tests/test_ramachandran_analysis.py::TestDataExport::test_export_data_trajectory PASSED [ 56%]
proteinMD/tests/test_ramachandran_analysis.py::TestDataExport::test_export_data_unsupported_format PASSED [ 56%]
proteinMD/tests/test_ramachandran_analysis.py::TestCreateAnalyzer::test_create_ramachandran_analyzer_no_molecule PASSED [ 56%]
proteinMD/tests/test_ramachandran_analysis.py::TestCreateAnalyzer::test_create_ramachandran_analyzer_with_molecule PASSED [ 56%]
proteinMD/tests/test_ramachandran_analysis.py::TestAminoAcidConstants::test_amino_acid_properties PASSED [ 56%]
proteinMD/tests/test_ramachandran_analysis.py::TestRamachandranIntegration::test_full_ramachandran_analysis_workflow PASSED [ 56%]
proteinMD/tests/test_rmsd_analysis.py::TestRMSDCalculations::test_align_structures PASSED [ 57%]
proteinMD/tests/test_rmsd_analysis.py::TestRMSDCalculations::test_kabsch_algorithm PASSED [ 57%]
proteinMD/tests/test_rmsd_analysis.py::TestRMSDCalculations::test_rmsd_empty_coordinates PASSED [ 57%]
proteinMD/tests/test_rmsd_analysis.py::TestRMSDCalculations::test_rmsd_identical_structures PASSED [ 57%]
proteinMD/tests/test_rmsd_analysis.py::TestRMSDCalculations::test_rmsd_input_validation PASSED [ 57%]
proteinMD/tests/test_rmsd_analysis.py::TestRMSDCalculations::test_rmsd_rotated_structures PASSED [ 57%]
proteinMD/tests/test_rmsd_analysis.py::TestRMSDCalculations::test_rmsd_translated_structures PASSED [ 57%]
proteinMD/tests/test_rmsd_analysis.py::TestRMSDAnalyzer::test_analyzer_initialization PASSED [ 57%]
proteinMD/tests/test_rmsd_analysis.py::TestRMSDAnalyzer::test_export_data PASSED [ 57%]
proteinMD/tests/test_rmsd_analysis.py::TestRMSDAnalyzer::test_pairwise_rmsd_calculation PASSED [ 58%]
proteinMD/tests/test_rmsd_analysis.py::TestRMSDAnalyzer::test_plot_pairwise_matrix PASSED [ 58%]
proteinMD/tests/test_rmsd_analysis.py::TestRMSDAnalyzer::test_plot_time_series PASSED [ 58%]
proteinMD/tests/test_rmsd_analysis.py::TestRMSDAnalyzer::test_running_average PASSED [ 58%]
proteinMD/tests/test_rmsd_analysis.py::TestRMSDAnalyzer::test_set_reference PASSED [ 58%]
proteinMD/tests/test_rmsd_analysis.py::TestRMSDAnalyzer::test_statistics_calculation PASSED [ 58%]
proteinMD/tests/test_rmsd_analysis.py::TestRMSDAnalyzer::test_trajectory_rmsd_calculation PASSED [ 58%]
proteinMD/tests/test_rmsd_analysis.py::TestRMSDAnalyzer::test_trajectory_rmsd_without_reference PASSED [ 58%]
proteinMD/tests/test_rmsd_analysis.py::TestCreateRMSDAnalyzer::test_create_rmsd_analyzer_custom_selection PASSED [ 59%]
proteinMD/tests/test_rmsd_analysis.py::TestCreateRMSDAnalyzer::test_create_rmsd_analyzer_default PASSED [ 59%]
proteinMD/tests/test_rmsd_analysis.py::TestCreateRMSDAnalyzer::test_create_rmsd_analyzer_with_reference PASSED [ 59%]
proteinMD/tests/test_rmsd_analysis.py::TestRMSDIntegration::test_full_rmsd_analysis_workflow PASSED [ 59%]
proteinMD/tests/test_sampling.py::TestUmbrellaSampling::test_umbrella_sampling_initialization PASSED [ 59%]
proteinMD/tests/test_sampling.py::TestUmbrellaSampling::test_harmonic_restraints PASSED [ 59%]
proteinMD/tests/test_sampling.py::TestUmbrellaSampling::test_multiple_windows_simulation PASSED [ 59%]
proteinMD/tests/test_sampling.py::TestUmbrellaSampling::test_coordinate_calculation PASSED [ 59%]
proteinMD/tests/test_sampling.py::TestUmbrellaSampling::test_convergence_checking PASSED [ 59%]
proteinMD/tests/test_sampling.py::TestWHAMAnalysis::test_wham_initialization PASSED [ 60%]
proteinMD/tests/test_sampling.py::TestWHAMAnalysis::test_pmf_calculation PASSED [ 60%]
proteinMD/tests/test_sampling.py::TestWHAMAnalysis::test_error_estimation PASSED [ 60%]
proteinMD/tests/test_sampling.py::TestWHAMAnalysis::test_histogram_reweighting PASSED [ 60%]
proteinMD/tests/test_sampling.py::TestReplicaExchangeMD::test_replica_exchange_initialization SKIPPED [ 60%]
proteinMD/tests/test_sampling.py::TestReplicaExchangeMD::test_temperature_ladder_generation SKIPPED [ 60%]
proteinMD/tests/test_sampling.py::TestReplicaExchangeMD::test_replica_exchange_attempt SKIPPED [ 60%]
proteinMD/tests/test_sampling.py::TestReplicaExchangeMD::test_metropolis_criterion SKIPPED [ 60%]
proteinMD/tests/test_sampling.py::TestReplicaExchangeMD::test_acceptance_rate_tracking SKIPPED [ 60%]
proteinMD/tests/test_sampling.py::TestReplicaExchangeMD::test_parallel_execution SKIPPED [ 61%]
proteinMD/tests/test_sampling.py::TestReplicaExchangeMD::test_replica_mixing SKIPPED [ 61%]
proteinMD/tests/test_sampling.py::TestSamplingIntegration::test_umbrella_sampling_workflow PASSED [ 61%]
proteinMD/tests/test_sampling.py::TestSamplingIntegration::test_replica_exchange_workflow SKIPPED [ 61%]
proteinMD/tests/test_sampling.py::TestSamplingIntegration::test_sampling_convergence_analysis PASSED [ 61%]
proteinMD/tests/test_sampling.py::TestSamplingPerformanceRegression::test_umbrella_sampling_performance PASSED [ 61%]
proteinMD/tests/test_sampling.py::TestSamplingPerformanceRegression::test_replica_exchange_performance SKIPPED [ 61%]
proteinMD/tests/test_sampling.py::TestSamplingPerformanceRegression::test_wham_analysis_performance PASSED [ 61%]
proteinMD/tests/test_secondary_structure.py::TestDihedralCalculations::test_dihedral_angle_calculation PASSED [ 61%]
proteinMD/tests/test_secondary_structure.py::TestDihedralCalculations::test_dihedral_angle_linear_case PASSED [ 62%]
proteinMD/tests/test_secondary_structure.py::TestDihedralCalculations::test_dihedral_angle_negative PASSED [ 62%]
proteinMD/tests/test_secondary_structure.py::TestBackboneExtraction::test_get_backbone_atoms PASSED [ 62%]
proteinMD/tests/test_secondary_structure.py::TestBackboneExtraction::test_get_backbone_atoms_missing PASSED [ 62%]
proteinMD/tests/test_secondary_structure.py::TestHydrogenBondAnalysis::test_hydrogen_bond_energy_calculation PASSED [ 62%]
proteinMD/tests/test_secondary_structure.py::TestHydrogenBondAnalysis::test_hydrogen_bond_energy_too_close PASSED [ 62%]
proteinMD/tests/test_secondary_structure.py::TestHydrogenBondAnalysis::test_identify_hydrogen_bonds_simple PASSED [ 62%]
proteinMD/tests/test_secondary_structure.py::TestSecondaryStructureAssignment::test_assign_secondary_structure_helix PASSED [ 62%]
proteinMD/tests/test_secondary_structure.py::TestSecondaryStructureAssignment::test_assign_secondary_structure_strand PASSED [ 62%]
proteinMD/tests/test_secondary_structure.py::TestSecondaryStructureAnalyzer::test_analyze_structure PASSED [ 63%]
proteinMD/tests/test_secondary_structure.py::TestSecondaryStructureAnalyzer::test_analyze_trajectory_mock PASSED [ 63%]
proteinMD/tests/test_secondary_structure.py::TestSecondaryStructureAnalyzer::test_analyzer_initialization PASSED [ 63%]
proteinMD/tests/test_secondary_structure.py::TestSecondaryStructureAnalyzer::test_error_handling PASSED [ 63%]
proteinMD/tests/test_secondary_structure.py::TestSecondaryStructureAnalyzer::test_export_functionality PASSED [ 63%]
proteinMD/tests/test_secondary_structure.py::TestSecondaryStructureAnalyzer::test_statistics_calculation PASSED [ 63%]
proteinMD/tests/test_secondary_structure.py::TestFactoryFunction::test_create_secondary_structure_analyzer PASSED [ 63%]
proteinMD/tests/test_secondary_structure.py::TestSSTypes::test_ss_types_completeness PASSED [ 63%]
proteinMD/tests/test_secondary_structure.py::TestSSTypes::test_ss_types_structure PASSED [ 63%]
proteinMD/tests/test_steered_md.py::TestSMDParameters::test_smd_parameters_initialization PASSED [ 64%]
proteinMD/tests/test_steered_md.py::TestSMDParameters::test_smd_parameters_custom_values PASSED [ 64%]
proteinMD/tests/test_steered_md.py::TestCoordinateCalculator::test_distance_calculation PASSED [ 64%]
proteinMD/tests/test_steered_md.py::TestCoordinateCalculator::test_distance_calculation_invalid_atoms PASSED [ 64%]
proteinMD/tests/test_steered_md.py::TestCoordinateCalculator::test_com_distance_calculation PASSED [ 64%]
proteinMD/tests/test_steered_md.py::TestCoordinateCalculator::test_com_distance_with_masses PASSED [ 64%]
proteinMD/tests/test_steered_md.py::TestCoordinateCalculator::test_angle_calculation PASSED [ 64%]
proteinMD/tests/test_steered_md.py::TestCoordinateCalculator::test_angle_calculation_invalid_atoms PASSED [ 64%]
proteinMD/tests/test_steered_md.py::TestCoordinateCalculator::test_dihedral_calculation PASSED [ 64%]
proteinMD/tests/test_steered_md.py::TestCoordinateCalculator::test_dihedral_calculation_invalid_atoms PASSED [ 65%]
proteinMD/tests/test_steered_md.py::TestSMDForceCalculator::test_force_calculator_initialization PASSED [ 65%]
proteinMD/tests/test_steered_md.py::TestSMDForceCalculator::test_coordinate_calculation PASSED [ 65%]
proteinMD/tests/test_steered_md.py::TestSMDForceCalculator::test_target_coordinate_constant_velocity PASSED [ 65%]
proteinMD/tests/test_steered_md.py::TestSMDForceCalculator::test_target_coordinate_constant_force PASSED [ 65%]
proteinMD/tests/test_steered_md.py::TestSMDForceCalculator::test_constant_velocity_force_calculation PASSED [ 65%]
proteinMD/tests/test_steered_md.py::TestSMDForceCalculator::test_constant_force_force_calculation PASSED [ 65%]
proteinMD/tests/test_steered_md.py::TestSMDForceCalculator::test_distance_force_distribution PASSED [ 65%]
proteinMD/tests/test_steered_md.py::TestSMDForceCalculator::test_smd_force_calculation_integration PASSED [ 65%]
proteinMD/tests/test_steered_md.py::TestSteeredMD::test_steered_md_initialization PASSED [ 66%]
proteinMD/tests/test_steered_md.py::TestSteeredMD::test_get_positions PASSED [ 66%]
proteinMD/tests/test_steered_md.py::TestSteeredMD::test_get_masses PASSED [ 66%]
proteinMD/tests/test_steered_md.py::TestSteeredMD::test_apply_forces PASSED [ 66%]
proteinMD/tests/test_steered_md.py::TestSteeredMD::test_run_simulation_short PASSED [ 66%]
proteinMD/tests/test_steered_md.py::TestSteeredMD::test_jarzynski_calculation PASSED [ 66%]
proteinMD/tests/test_steered_md.py::TestSteeredMD::test_jarzynski_no_data PASSED [ 66%]
proteinMD/tests/test_steered_md.py::TestSteeredMD::test_plot_force_curves PASSED [ 66%]
proteinMD/tests/test_steered_md.py::TestSteeredMD::test_plot_force_curves_no_data PASSED [ 67%]
proteinMD/tests/test_steered_md.py::TestSteeredMD::test_save_results PASSED [ 67%]
proteinMD/tests/test_steered_md.py::TestSMDConvenienceFunctions::test_setup_protein_unfolding_smd PASSED [ 67%]
proteinMD/tests/test_steered_md.py::TestSMDConvenienceFunctions::test_setup_ligand_unbinding_smd PASSED [ 67%]
proteinMD/tests/test_steered_md.py::TestSMDConvenienceFunctions::test_setup_bond_stretching_smd PASSED [ 67%]
proteinMD/tests/test_steered_md.py::TestSMDIntegration::test_full_smd_workflow PASSED [ 67%]
proteinMD/tests/test_steered_md.py::TestSMDIntegration::test_different_coordinate_types PASSED [ 67%]
proteinMD/tests/test_steered_md.py::TestSMDIntegration::test_different_smd_modes PASSED [ 67%]
proteinMD/tests/test_steered_md.py::TestSMDPerformance::test_smd_calculation_performance PASSED [ 67%]
proteinMD/tests/test_steered_md.py::TestSMDPerformance::test_coordinate_calculation_performance PASSED [ 68%]
proteinMD/tests/test_steered_md.py::TestSMDValidation::test_harmonic_potential_work PASSED [ 68%]
proteinMD/tests/test_structure.py::TestPDBParser::test_pdb_parser_initialization PASSED [ 68%]
proteinMD/tests/test_structure.py::TestPDBParser::test_pdb_parsing_from_string PASSED [ 68%]
proteinMD/tests/test_structure.py::TestPDBParser::test_pdb_parsing_from_file PASSED [ 68%]
proteinMD/tests/test_structure.py::TestPDBParser::test_atom_parsing PASSED [ 68%]
proteinMD/tests/test_structure.py::TestPDBParser::test_residue_parsing PASSED [ 68%]
proteinMD/tests/test_structure.py::TestPDBParser::test_chain_parsing PASSED [ 68%]
proteinMD/tests/test_structure.py::TestPDBParser::test_malformed_pdb_handling PASSED [ 68%]
proteinMD/tests/test_structure.py::TestPDBParser::test_empty_pdb_handling PASSED [ 69%]
proteinMD/tests/test_structure.py::TestPDBWriter::test_pdb_writer_initialization PASSED [ 69%]
proteinMD/tests/test_structure.py::TestPDBWriter::test_protein_to_pdb_string PASSED [ 69%]
proteinMD/tests/test_structure.py::TestPDBWriter::test_protein_to_pdb_file PASSED [ 69%]
proteinMD/tests/test_structure.py::TestPDBWriter::test_atom_formatting PASSED [ 69%]
proteinMD/tests/test_structure.py::TestPDBWriter::test_coordinate_precision PASSED [ 69%]
proteinMD/tests/test_structure.py::TestProteinStructure::test_atom_creation PASSED [ 69%]
proteinMD/tests/test_structure.py::TestProteinStructure::test_residue_creation PASSED [ 69%]
proteinMD/tests/test_structure.py::TestProteinStructure::test_chain_creation PASSED [ 69%]
proteinMD/tests/test_structure.py::TestProteinStructure::test_protein_creation PASSED [ 70%]
proteinMD/tests/test_structure.py::TestProteinStructure::test_protein_center_of_mass PASSED [ 70%]
proteinMD/tests/test_structure.py::TestProteinStructure::test_protein_bounding_box PASSED [ 70%]
proteinMD/tests/test_structure.py::TestProteinStructure::test_atom_selection PASSED [ 70%]
proteinMD/tests/test_structure.py::TestProteinStructure::test_distance_calculation PASSED [ 70%]
proteinMD/tests/test_structure.py::TestProteinStructure::test_protein_validation PASSED [ 70%]
proteinMD/tests/test_structure.py::TestStructureManipulation::test_structure_alignment PASSED [ 70%]
proteinMD/tests/test_structure.py::TestStructureManipulation::test_structure_transformation PASSED [ 70%]
proteinMD/tests/test_structure.py::TestStructureManipulation::test_structure_superposition PASSED [ 70%]
proteinMD/tests/test_structure.py::TestStructureIntegration::test_structure_workflow PASSED [ 71%]
proteinMD/tests/test_structure.py::TestStructureIntegration::test_memory_efficiency PASSED [ 71%]
proteinMD/tests/test_structure.py::TestStructurePerformanceRegression::test_pdb_parsing_performance PASSED [ 71%]
proteinMD/tests/test_structure.py::TestStructurePerformanceRegression::test_protein_analysis_performance PASSED [ 71%]
proteinMD/tests/test_structure.py::TestAtomClass::test_atom_creation PASSED [ 71%]
proteinMD/tests/test_structure.py::TestAtomClass::test_atom_properties PASSED [ 71%]
proteinMD/tests/test_structure.py::TestAtomClass::test_atom_string_representation PASSED [ 71%]
proteinMD/tests/test_structure.py::TestResidueClass::test_residue_creation PASSED [ 71%]
proteinMD/tests/test_structure.py::TestResidueClass::test_residue_atom_management PASSED [ 71%]
proteinMD/tests/test_structure.py::TestResidueClass::test_residue_properties PASSED [ 72%]
proteinMD/tests/test_structure.py::TestChainClass::test_chain_creation PASSED [ 72%]
proteinMD/tests/test_structure.py::TestChainClass::test_chain_residue_management PASSED [ 72%]
proteinMD/tests/test_structure.py::TestChainClass::test_chain_sequence PASSED [ 72%]
proteinMD/tests/test_structure.py::TestProteinClass::test_protein_creation PASSED [ 72%]
proteinMD/tests/test_structure.py::TestProteinClass::test_protein_chain_management PASSED [ 72%]
proteinMD/tests/test_structure.py::TestProteinClass::test_protein_properties PASSED [ 72%]
proteinMD/tests/test_structure.py::TestProteinClass::test_protein_file_operations PASSED [ 72%]
proteinMD/tests/test_structure.py::TestPDBParserComprehensive::test_parser_initialization PASSED [ 72%]
proteinMD/tests/test_structure.py::TestPDBParserComprehensive::test_parse_minimal_pdb PASSED [ 73%]
proteinMD/tests/test_structure.py::TestPDBParserComprehensive::test_parse_complex_pdb PASSED [ 73%]
proteinMD/tests/test_structure.py::TestPDBParserComprehensive::test_parse_file_operations PASSED [ 73%]
proteinMD/tests/test_structure.py::TestPDBParserComprehensive::test_error_handling PASSED [ 73%]
proteinMD/tests/test_structure.py::TestPDBParserComprehensive::test_secondary_structure_parsing PASSED [ 73%]
proteinMD/tests/test_structure.py::TestStructurePerformance::test_parsing_performance PASSED [ 73%]
proteinMD/tests/test_tip3p_validation.py::test_placeholder SKIPPED (...) [ 73%]
proteinMD/tests/test_tip3p_validation.py::TestTIP3PValidation::test_force_field_integration SKIPPED [ 73%]
proteinMD/tests/test_tip3p_validation.py::TestTIP3PValidation::test_minimum_distance_constraints PASSED [ 73%]
proteinMD/tests/test_tip3p_validation.py::TestTIP3PValidation::test_protein_solvation_placement SKIPPED [ 74%]
proteinMD/tests/test_tip3p_validation.py::TestTIP3PValidation::test_pure_water_density SKIPPED [ 74%]
proteinMD/tests/test_tip3p_validation.py::TestTIP3PValidation::test_single_water_molecule_creation PASSED [ 74%]
proteinMD/tests/test_tip3p_validation.py::TestTIP3PValidation::test_tip3p_parameters PASSED [ 74%]
proteinMD/tests/test_tip3p_validation.py::TestTIP3PValidation::test_water_protein_interactions PASSED [ 74%]
proteinMD/tests/test_tip3p_validation.py::TestTIP3PPerformance::test_large_system_performance SKIPPED [ 74%]
proteinMD/tests/test_visualization.py::TestTrajectoryAnimation::test_trajectory_animator_initialization PASSED [ 74%]
proteinMD/tests/test_visualization.py::TestTrajectoryAnimation::test_animation_controls PASSED [ 74%]
proteinMD/tests/test_visualization.py::TestTrajectoryAnimation::test_animation_speed_control PASSED [ 75%]
proteinMD/tests/test_visualization.py::TestTrajectoryAnimation::test_frame_export PASSED [ 75%]
proteinMD/tests/test_visualization.py::TestTrajectoryAnimation::test_animation_export PASSED [ 75%]
proteinMD/tests/test_visualization.py::TestTrajectoryAnimation::test_property_tracking PASSED [ 75%]
proteinMD/tests/test_visualization.py::TestTrajectoryAnimation::test_visualization_styles PASSED [ 75%]
proteinMD/tests/test_visualization.py::TestTrajectoryAnimation::test_animation_performance PASSED [ 75%]
proteinMD/tests/test_visualization.py::TestProtein3DVisualization::test_protein_3d_visualizer_initialization SKIPPED [ 75%]
proteinMD/tests/test_visualization.py::TestProtein3DVisualization::test_rendering_modes SKIPPED [ 75%]
proteinMD/tests/test_visualization.py::TestProtein3DVisualization::test_interactive_features SKIPPED [ 75%]
proteinMD/tests/test_visualization.py::TestProtein3DVisualization::test_coloring_schemes SKIPPED [ 76%]
proteinMD/tests/test_visualization.py::TestProtein3DVisualization::test_export_formats SKIPPED [ 76%]
proteinMD/tests/test_visualization.py::TestEnergyDashboard::test_energy_dashboard_initialization PASSED [ 76%]
proteinMD/tests/test_visualization.py::TestEnergyDashboard::test_energy_plot_generation PASSED [ 76%]
proteinMD/tests/test_visualization.py::TestEnergyDashboard::test_real_time_energy_monitoring PASSED [ 76%]
proteinMD/tests/test_visualization.py::TestEnergyDashboard::test_energy_statistics_calculation PASSED [ 76%]
proteinMD/tests/test_visualization.py::TestEnergyDashboard::test_energy_conservation_analysis PASSED [ 76%]
proteinMD/tests/test_visualization.py::TestRealtimeViewer::test_realtime_viewer_initialization SKIPPED [ 76%]
proteinMD/tests/test_visualization.py::TestRealtimeViewer::test_real_time_display_update SKIPPED [ 76%]
proteinMD/tests/test_visualization.py::TestRealtimeViewer::test_simulation_control_integration SKIPPED [ 77%]
proteinMD/tests/test_visualization.py::TestRealtimeViewer::test_performance_monitoring SKIPPED [ 77%]
proteinMD/tests/test_visualization.py::TestVisualizationIntegration::test_trajectory_animation_with_analysis PASSED [ 77%]
proteinMD/tests/test_visualization.py::TestVisualizationIntegration::test_multi_view_visualization SKIPPED [ 77%]
proteinMD/tests/test_visualization.py::TestVisualizationIntegration::test_visualization_memory_efficiency PASSED [ 77%]
proteinMD/tests/test_visualization.py::TestVisualizationPerformanceRegression::test_animation_frame_update_performance PASSED [ 77%]
proteinMD/tests/test_visualization.py::TestVisualizationPerformanceRegression::test_3d_rendering_performance SKIPPED [ 77%]
proteinMD/tests/test_visualization.py::TestVisualizationPerformanceRegression::test_energy_plot_update_performance PASSED [ 77%]
simple_cli_test.py::test_step_by_step PASSED                             [ 77%]
simple_memory_test.py::test_basic_memory PASSED                          [ 78%]
simple_memory_test.py::test_neighbor_list_basic PASSED                   [ 78%]
simplified_large_test.py::test_cli_large_scale PASSED                    [ 78%]
temp_scripts/direct_pbc_test.py::test_pbc_with_water_positions PASSED    [ 78%]
test_custom_forcefield.py::test_custom_forcefield_import PASSED          [ 78%]
test_database_cli_integration.py::test_database_cli_integration PASSED   [ 78%]
test_database_integration.py::test_database_models PASSED                [ 78%]
test_database_integration.py::test_database_manager PASSED               [ 78%]
test_database_integration.py::test_search_engine PASSED                  [ 78%]
test_database_integration.py::test_backup_manager PASSED                 [ 79%]
test_database_integration.py::test_database_cli PASSED                   [ 79%]
test_database_integration.py::test_integration PASSED                    [ 79%]
test_error_handling_system.py::TestProteinMDExceptions::test_base_error_creation PASSED [ 79%]
test_error_handling_system.py::TestProteinMDExceptions::test_error_with_context PASSED [ 79%]
test_error_handling_system.py::TestProteinMDExceptions::test_specialized_errors PASSED [ 79%]
test_error_handling_system.py::TestProteinMDExceptions::test_error_serialization PASSED [ 79%]
test_error_handling_system.py::TestProteinMDExceptions::test_warning_classes PASSED [ 79%]
test_error_handling_system.py::TestLoggingSystem::test_logger_creation PASSED [ 79%]
test_error_handling_system.py::TestLoggingSystem::test_logging_methods PASSED [ 80%]
test_error_handling_system.py::TestLoggingSystem::test_context_logging PASSED [ 80%]
test_error_handling_system.py::TestLoggingSystem::test_performance_monitoring PASSED [ 80%]
test_error_handling_system.py::TestLoggingSystem::test_error_reporting PASSED [ 80%]
test_error_handling_system.py::TestLoggingSystem::test_graceful_degradation PASSED [ 80%]
test_error_handling_system.py::TestLoggingSystem::test_json_formatting PASSED [ 80%]
test_error_handling_system.py::TestLoggingConfiguration::test_config_creation PASSED [ 80%]
test_error_handling_system.py::TestLoggingConfiguration::test_config_validation PASSED [ 80%]
test_error_handling_system.py::TestLoggingConfiguration::test_config_serialization PASSED [ 80%]
test_error_handling_system.py::TestLoggingConfiguration::test_config_file_operations FAILED [ 81%]
test_error_handling_system.py::TestLoggingConfiguration::test_environment_overrides PASSED [ 81%]
test_error_handling_system.py::TestLoggingConfiguration::test_template_configs FAILED [ 81%]
test_error_handling_system.py::TestLoggingConfiguration::test_configuration_manager PASSED [ 81%]
test_error_handling_system.py::TestErrorIntegration::test_safe_operation_decorator PASSED [ 81%]
test_error_handling_system.py::TestErrorIntegration::test_safe_operation_with_suppression PASSED [ 81%]
test_error_handling_system.py::TestErrorIntegration::test_exception_context_manager PASSED [ 81%]
test_error_handling_system.py::TestErrorIntegration::test_validation_mixin PASSED [ 81%]
test_error_handling_system.py::TestErrorIntegration::test_logged_function_decorator PASSED [ 81%]
test_error_handling_system.py::TestSystemIntegration::test_system_initialization PASSED [ 82%]
test_error_handling_system.py::TestSystemIntegration::test_auto_initialization PASSED [ 82%]
test_error_handling_system.py::TestSystemIntegration::test_system_shutdown PASSED [ 82%]
test_error_handling_system.py::TestPerformanceAndReliability::test_logging_performance PASSED [ 82%]
test_error_handling_system.py::TestPerformanceAndReliability::test_error_handling_reliability PASSED [ 82%]
test_error_handling_system.py::TestPerformanceAndReliability::test_memory_usage PASSED [ 82%]
test_files/test_amber_validation.py::test_individual_atom_types PASSED   [ 82%]
test_files/test_amber_validation.py::test_parameter_coverage PASSED      [ 82%]
test_files/test_amber_validation.py::test_protein_validation PASSED      [ 82%]
test_files/test_amber_validation.py::test_real_protein_if_available PASSED [ 83%]
test_files/test_amber_validation.py::test_missing_parameter_detection PASSED [ 83%]
test_files/test_amber_validation.py::test_validation_report PASSED       [ 83%]
test_files/test_implicit_solvent.py::test_gb_models PASSED               [ 83%]
test_files/test_implicit_solvent.py::test_surface_area_models PASSED     [ 83%]
test_files/test_implicit_solvent.py::test_speedup_performance PASSED     [ 83%]
test_files/test_implicit_solvent.py::test_energy_conservation PASSED     [ 83%]
test_files/test_implicit_solvent.py::test_parameter_sensitivity PASSED   [ 83%]
test_files/test_implicit_solvent.py::test_comparison_with_known_values PASSED [ 84%]
test_files/test_multiple_proteins.py::test_protein_validation[protein0-alpha_helix] PASSED [ 84%]
test_files/test_multiple_proteins.py::test_protein_validation[protein0-beta_sheet] PASSED [ 84%]
test_files/test_multiple_proteins.py::test_protein_validation[protein0-mixed_secondary] PASSED [ 84%]
test_files/test_multiple_proteins.py::test_protein_validation[protein1-alpha_helix] PASSED [ 84%]
test_files/test_multiple_proteins.py::test_protein_validation[protein1-beta_sheet] PASSED [ 84%]
test_files/test_multiple_proteins.py::test_protein_validation[protein1-mixed_secondary] PASSED [ 84%]
test_files/test_multiple_proteins.py::test_protein_validation[protein2-alpha_helix] PASSED [ 84%]
test_files/test_multiple_proteins.py::test_protein_validation[protein2-beta_sheet] PASSED [ 84%]
test_files/test_multiple_proteins.py::test_protein_validation[protein2-mixed_secondary] PASSED [ 85%]
test_files/test_protein_3d.py::TestProtein3DVisualization::test_atom_data_preparation PASSED [ 85%]
test_files/test_protein_3d.py::TestProtein3DVisualization::test_ball_and_stick_mode PASSED [ 85%]
test_files/test_protein_3d.py::TestProtein3DVisualization::test_bond_data_preparation PASSED [ 85%]
test_files/test_protein_3d.py::TestProtein3DVisualization::test_cartoon_mode PASSED [ 85%]
test_files/test_protein_3d.py::TestProtein3DVisualization::test_comparison_view PASSED [ 85%]
test_files/test_protein_3d.py::TestProtein3DVisualization::test_element_colors_and_radii PASSED [ 85%]
test_files/test_protein_3d.py::TestProtein3DVisualization::test_export_functionality PASSED [ 85%]
test_files/test_protein_3d.py::TestProtein3DVisualization::test_interactive_controls PASSED [ 85%]
test_files/test_protein_3d.py::TestProtein3DVisualization::test_interactive_viewer_initialization PASSED [ 86%]
test_files/test_protein_3d.py::TestProtein3DVisualization::test_quick_visualize_function PASSED [ 86%]
test_files/test_protein_3d.py::TestProtein3DVisualization::test_secondary_structure_colors PASSED [ 86%]
test_files/test_protein_3d.py::TestProtein3DVisualization::test_surface_mode PASSED [ 86%]
test_files/test_protein_3d.py::TestProtein3DVisualization::test_trajectory_animation PASSED [ 86%]
test_files/test_protein_3d.py::TestProtein3DVisualization::test_visualizer_initialization PASSED [ 86%]
test_files/test_protein_3d.py::TestTaskRequirements::test_all_requirements_summary PASSED [ 86%]
test_files/test_protein_3d.py::TestTaskRequirements::test_requirement_3d_model_with_atoms_and_bonds PASSED [ 86%]
test_files/test_protein_3d.py::TestTaskRequirements::test_requirement_export_capabilities PASSED [ 86%]
test_files/test_protein_3d.py::TestTaskRequirements::test_requirement_interactive_rotation_and_zoom PASSED [ 87%]
test_files/test_protein_3d.py::TestTaskRequirements::test_requirement_multiple_display_modes PASSED [ 87%]
test_files/test_radius_of_gyration_analysis.py::test_basic_rg_calculation PASSED [ 87%]
test_files/test_radius_of_gyration_analysis.py::test_segmental_analysis PASSED [ 87%]
test_files/test_radius_of_gyration_analysis.py::test_trajectory_analysis PASSED [ 87%]
test_files/test_radius_of_gyration_analysis.py::test_visualization FAILED [ 87%]
test_files/test_radius_of_gyration_analysis.py::test_data_export PASSED  [ 87%]
test_files/test_radius_of_gyration_analysis.py::test_statistical_analysis PASSED [ 87%]
test_files/test_radius_of_gyration_analysis.py::test_edge_cases PASSED   [ 87%]
test_files/test_realtime_viewer.py::test_realtime_viewer_creation PASSED [ 88%]
test_files/test_realtime_viewer.py::test_visualization_setup PASSED      [ 88%]
test_files/test_realtime_viewer.py::test_performance_measurement PASSED  [ 88%]
test_files/test_realtime_viewer.py::test_toggle_functionality PASSED     [ 88%]
test_files/test_realtime_viewer.py::test_data_update PASSED              [ 88%]
test_files/test_realtime_viewer.py::test_simulation_integration PASSED   [ 88%]
test_files/test_task_1_1.py::test_trajectory_requirements PASSED         [ 88%]
test_files/test_task_3_3_verification.py::test_task_3_3_requirements FAILED [ 88%]
test_files/test_task_3_4_verification.py::test_dssp_algorithm PASSED     [ 88%]
test_files/test_task_3_4_verification.py::test_color_coded_visualization PASSED [ 89%]
test_files/test_task_3_4_verification.py::test_structure_time_analysis PASSED [ 89%]
test_files/test_task_3_4_verification.py::test_timeline_export PASSED    [ 89%]
test_files/test_task_3_5_verification.py::test_geometric_detection PASSED [ 89%]
test_files/test_task_3_5_verification.py::test_lifetime_statistics PASSED [ 89%]
test_files/test_task_3_5_verification.py::test_visualization PASSED      [ 89%]
test_files/test_task_3_5_verification.py::test_csv_export PASSED         [ 89%]
test_files/test_trajectory_animation.py::TestTrajectoryAnimation::test_animation_controls_methods PASSED [ 89%]
test_files/test_trajectory_animation.py::TestTrajectoryAnimation::test_bond_updates PASSED [ 89%]
test_files/test_trajectory_animation.py::TestTrajectoryAnimation::test_different_display_modes PASSED [ 90%]
test_files/test_trajectory_animation.py::TestTrajectoryAnimation::test_frame_navigation PASSED [ 90%]
test_files/test_trajectory_animation.py::TestTrajectoryAnimation::test_frame_update PASSED [ 90%]
test_files/test_trajectory_animation.py::TestTrajectoryAnimation::test_invalid_inputs PASSED [ 90%]
test_files/test_trajectory_animation.py::TestTrajectoryAnimation::test_quick_animate_function PASSED [ 90%]
test_files/test_trajectory_animation.py::TestTrajectoryAnimation::test_save_animation_gif PASSED [ 90%]
test_files/test_trajectory_animation.py::TestTrajectoryAnimation::test_speed_control PASSED [ 90%]
test_files/test_trajectory_animation.py::TestTrajectoryAnimation::test_trajectory_animator_initialization PASSED [ 90%]
test_files/test_trajectory_animation.py::TestTrajectoryAnimation::test_trajectory_animator_setup PASSED [ 90%]
test_files/test_trajectory_animation.py::TestTrajectoryAnimation::test_trajectory_animator_with_controls PASSED [ 91%]
test_files/test_trajectory_animation.py::TestTrajectoryAnimationIntegration::test_full_animation_workflow PASSED [ 91%]
test_files/test_trajectory_animation.py::TestTrajectoryAnimationIntegration::test_multiple_animations PASSED [ 91%]
test_files/test_trajectory_final.py::test_trajectory_storage_comprehensive FAILED [ 91%]
test_files/test_trajectory_fix.py::test_trajectory_saving FAILED         [ 91%]
test_task_13_1_comprehensive.py::test_pca_imports PASSED                 [ 91%]
test_task_13_1_comprehensive.py::test_pca_calculation PASSED             [ 91%]
test_task_13_1_comprehensive.py::test_projection_visualization PASSED    [ 91%]
test_task_13_1_comprehensive.py::test_conformational_clustering PASSED   [ 92%]
test_task_13_1_comprehensive.py::test_pc_export PASSED                   [ 92%]
test_task_13_1_comprehensive.py::test_advanced_features PASSED           [ 92%]
test_task_13_1_comprehensive.py::test_complete_workflow PASSED           [ 92%]
test_task_13_1_comprehensive.py::test_atom_selection_modes PASSED        [ 92%]
test_task_7_3_memory_optimization.py::TestMemoryPool::test_pool_initialization PASSED [ 92%]
test_task_7_3_memory_optimization.py::TestMemoryPool::test_array_allocation_and_deallocation SKIPPED [ 92%]
test_task_7_3_memory_optimization.py::TestMemoryPool::test_pool_reuse SKIPPED [ 92%]
test_task_7_3_memory_optimization.py::TestMemoryPool::test_pool_size_limits PASSED [ 92%]
test_task_7_3_memory_optimization.py::TestMemoryPool::test_pool_statistics PASSED [ 93%]
test_task_7_3_memory_optimization.py::TestOptimizedNeighborList::test_neighbor_list_initialization PASSED [ 93%]
test_task_7_3_memory_optimization.py::TestOptimizedNeighborList::test_neighbor_list_update PASSED [ 93%]
test_task_7_3_memory_optimization.py::TestOptimizedNeighborList::test_neighbor_list_scalability SKIPPED [ 93%]
test_task_7_3_memory_optimization.py::TestOptimizedNeighborList::test_neighbor_list_periodic_boundaries PASSED [ 93%]
test_task_7_3_memory_optimization.py::TestOptimizedNeighborList::test_neighbor_list_statistics PASSED [ 93%]
test_task_7_3_memory_optimization.py::TestMemoryFootprintAnalyzer::test_analyzer_initialization PASSED [ 93%]
test_task_7_3_memory_optimization.py::TestMemoryFootprintAnalyzer::test_memory_tracking PASSED [ 93%]
test_task_7_3_memory_optimization.py::TestMemoryFootprintAnalyzer::test_memory_analysis PASSED [ 93%]
test_task_7_3_memory_optimization.py::TestMemoryFootprintAnalyzer::test_requirement_checking PASSED [ 94%]
test_task_7_3_memory_optimization.py::TestMemoryFootprintAnalyzer::test_optimization_recommendations PASSED [ 94%]
test_task_7_3_memory_optimization.py::TestMemoryFootprintAnalyzer::test_report_generation PASSED [ 94%]
test_task_7_3_memory_optimization.py::TestMemoryOptimizer::test_optimizer_initialization PASSED [ 94%]
test_task_7_3_memory_optimization.py::TestMemoryOptimizer::test_system_initialization PASSED [ 94%]
test_task_7_3_memory_optimization.py::TestMemoryOptimizer::test_array_management PASSED [ 94%]
test_task_7_3_memory_optimization.py::TestMemoryOptimizer::test_neighbor_list_integration PASSED [ 94%]
test_task_7_3_memory_optimization.py::TestMemoryOptimizer::test_memory_analysis_integration PASSED [ 94%]
test_task_7_3_memory_optimization.py::TestMemoryOptimizer::test_requirement_compliance PASSED [ 94%]
test_task_7_3_memory_optimization.py::TestMemoryOptimizer::test_comprehensive_report PASSED [ 95%]
test_task_7_3_memory_optimization.py::TestTask73Requirements::test_memory_usage_requirement PASSED [ 95%]
test_task_7_3_memory_optimization.py::TestTask73Requirements::test_neighbor_list_complexity PASSED [ 95%]
test_task_7_3_memory_optimization.py::TestTask73Requirements::test_memory_pool_functionality SKIPPED [ 95%]
test_task_7_3_memory_optimization.py::TestTask73Requirements::test_analysis_tool_availability PASSED [ 95%]
test_templates_system.py::TestTemplateParameter::test_parameter_creation PASSED [ 95%]
test_templates_system.py::TestTemplateParameter::test_parameter_validation_success PASSED [ 95%]
test_templates_system.py::TestTemplateParameter::test_parameter_validation_range_errors PASSED [ 95%]
test_templates_system.py::TestTemplateParameter::test_parameter_validation_type_errors PASSED [ 95%]
test_templates_system.py::TestTemplateParameter::test_parameter_validation_allowed_values PASSED [ 96%]
test_templates_system.py::TestTemplateParameter::test_parameter_validation_required PASSED [ 96%]
test_templates_system.py::TestBaseTemplate::test_template_creation PASSED [ 96%]
test_templates_system.py::TestBaseTemplate::test_parameter_management PASSED [ 96%]
test_templates_system.py::TestBaseTemplate::test_parameter_validation PASSED [ 96%]
test_templates_system.py::TestBaseTemplate::test_template_tags PASSED    [ 96%]
test_templates_system.py::TestBaseTemplate::test_template_summary PASSED [ 96%]
test_templates_system.py::TestBuiltinTemplates::test_protein_folding_template PASSED [ 96%]
test_templates_system.py::TestBuiltinTemplates::test_equilibration_template PASSED [ 96%]
test_templates_system.py::TestBuiltinTemplates::test_free_energy_template PASSED [ 97%]
test_templates_system.py::TestTemplateManager::test_manager_initialization PASSED [ 97%]
test_templates_system.py::TestTemplateManager::test_get_builtin_template PASSED [ 97%]
test_templates_system.py::TestTemplateManager::test_get_nonexistent_template PASSED [ 97%]
test_templates_system.py::TestTemplateManager::test_list_templates PASSED [ 97%]
test_templates_system.py::TestTemplateManager::test_create_user_template PASSED [ 97%]
test_templates_system.py::TestTemplateManager::test_save_and_load_user_template PASSED [ 97%]
test_templates_system.py::TestTemplateManager::test_delete_user_template PASSED [ 97%]
test_templates_system.py::TestTemplateManager::test_search_templates PASSED [ 97%]
test_templates_system.py::TestTemplateManager::test_template_validation PASSED [ 98%]
test_templates_system.py::TestTemplateManager::test_export_import_template PASSED [ 98%]
test_templates_system.py::TestTemplateManager::test_get_statistics PASSED [ 98%]
test_templates_system.py::TestTemplateCLI::test_list_templates_command PASSED [ 98%]
test_templates_system.py::TestTemplateCLI::test_show_template_command PASSED [ 98%]
test_templates_system.py::TestTemplateCLI::test_create_template_command PASSED [ 98%]
test_templates_system.py::TestTemplateCLI::test_validate_template_command PASSED [ 98%]
test_templates_system.py::TestTemplateCLI::test_generate_config_command PASSED [ 98%]
test_templates_system.py::TestTemplateFileOperations::test_save_load_json_template PASSED [ 98%]
test_templates_system.py::TestTemplateFileOperations::test_save_load_yaml_template PASSED [ 99%]
test_templates_system.py::TestTemplateFileOperations::test_invalid_file_format PASSED [ 99%]
test_templates_system.py::TestTemplateIntegration::test_template_config_compatibility PASSED [ 99%]
test_templates_system.py::TestTemplateIntegration::test_template_parameter_ranges PASSED [ 99%]
test_templates_system.py::TestTemplateIntegration::test_all_builtin_templates_functional PASSED [ 99%]
test_templates_system.py::test_template_system_availability PASSED       [ 99%]
test_workflow_integration.py::test_workflow_integration PASSED           [ 99%]
test_workflow_integration.py::test_cli_help_integration PASSED           [ 99%]
test_workflow_integration.py::test_workflow_examples_creation PASSED     [100%]

=================================== FAILURES ===================================
_____________ TestLoggingConfiguration.test_config_file_operations _____________
/home/emilio/Documents/ai/md/test_error_handling_system.py:317: in test_config_file_operations
    assert loaded_config.environment == "testing"
E   AssertionError: assert 'development' == 'testing'
E     
E     - testing
E     + development
________________ TestLoggingConfiguration.test_template_configs ________________
/home/emilio/Documents/ai/md/test_error_handling_system.py:342: in test_template_configs
    assert prod_config.environment == "production"
E   AssertionError: assert 'development' == 'production'
E     
E     - production
E     + development
______________________________ test_visualization ______________________________
/home/emilio/Documents/ai/md/test_files/test_radius_of_gyration_analysis.py:388: in test_visualization
    fig3.savefig(output_file3, dpi=300, bbox_inches='tight')
/home/emilio/Documents/ai/md/.venv/lib/python3.12/site-packages/matplotlib/figure.py:3490: in savefig
    self.canvas.print_figure(fname, **kwargs)
/home/emilio/Documents/ai/md/.venv/lib/python3.12/site-packages/matplotlib/backend_bases.py:2184: in print_figure
    result = print_method(
/home/emilio/Documents/ai/md/.venv/lib/python3.12/site-packages/matplotlib/backend_bases.py:2040: in <lambda>
    print_method = functools.wraps(meth)(lambda *args, **kwargs: meth(
/home/emilio/Documents/ai/md/.venv/lib/python3.12/site-packages/matplotlib/backends/backend_agg.py:481: in print_png
    self._print_pil(filename_or_obj, "png", pil_kwargs, metadata)
/home/emilio/Documents/ai/md/.venv/lib/python3.12/site-packages/matplotlib/backends/backend_agg.py:430: in _print_pil
    mpl.image.imsave(
/home/emilio/Documents/ai/md/.venv/lib/python3.12/site-packages/matplotlib/image.py:1657: in imsave
    image.save(fname, **pil_kwargs)
/home/emilio/Documents/ai/md/.venv/lib/python3.12/site-packages/PIL/Image.py:2576: in save
    fp = builtins.open(filename, "w+b")
E   FileNotFoundError: [Errno 2] No such file or directory: 'test_rg_simple.png'
----------------------------- Captured stdout call -----------------------------

=== Testing Visualization ===
Creating time series plot...
   Time series plot saved: /tmp/tmp3lg0gqjf/test_rg_timeseries.png
Creating distribution plot...
   Distribution plot saved: /tmp/tmprv2zrn6d/test_rg_distribution.png
Creating plot without segmental analysis...
__________________________ test_task_3_3_requirements __________________________
/home/emilio/Documents/ai/md/test_files/test_task_3_3_verification.py:163: in test_task_3_3_requirements
    analyzer.export_data(csv_file, format='csv')
/home/emilio/Documents/ai/md/proteinMD/analysis/radius_of_gyration.py:466: in export_data
    self._export_csv(filepath)
/home/emilio/Documents/ai/md/proteinMD/analysis/radius_of_gyration.py:498: in _export_csv
    df.to_csv(filepath, index=False)
/home/emilio/Documents/ai/md/.venv/lib/python3.12/site-packages/pandas/util/_decorators.py:333: in wrapper
    return func(*args, **kwargs)
/home/emilio/Documents/ai/md/.venv/lib/python3.12/site-packages/pandas/core/generic.py:3986: in to_csv
    return DataFrameRenderer(formatter).to_csv(
/home/emilio/Documents/ai/md/.venv/lib/python3.12/site-packages/pandas/io/formats/format.py:1014: in to_csv
    csv_formatter.save()
/home/emilio/Documents/ai/md/.venv/lib/python3.12/site-packages/pandas/io/formats/csvs.py:251: in save
    with get_handle(
/home/emilio/Documents/ai/md/.venv/lib/python3.12/site-packages/pandas/io/common.py:873: in get_handle
    handle = open(
E   FileNotFoundError: [Errno 2] No such file or directory: 'test_task_3_3_data.csv'
----------------------------- Captured stdout call -----------------------------
============================================================
TASK 3.3 RADIUS OF GYRATION - REQUIREMENT VERIFICATION
============================================================

1 Testing: Gyrationsradius wird fr jeden Zeitschritt berechnet
-------------------------------------------------------
 Calculated Rg for all 50 timesteps
   Time range: 0.00 - 4.90 ns

2 Testing: Zeitverlauf wird als Graph dargestellt
------------------------------------------------
 Generated time series plot: /tmp/tmp5jnqfts7/test_task_3_3_timeseries.png
 Generated distribution plot: /tmp/tmps8pf2cz6/test_task_3_3_distribution.png

3 Testing: Getrennte Analyse fr verschiedene Proteinsegmente mglich
--------------------------------------------------------------------
 Analyzed 3 protein segments:
   N_terminal: 3.312  0.227 nm
   Core: 3.382  0.232 nm
   C_terminal: 3.487  0.240 nm
 Segmental analysis shows realistic Rg values for all segments

4 Testing: Statistische Auswertung verfgbar
---------------------------------------------
 Overall statistics available:
   Mean: 3.4248 nm
   Std:  0.2351 nm
   Range: [3.0403, 3.7262] nm
   Quartiles: Q25=3.1812, Q75=3.6489
 Statistical consistency verified

 Testing Data Export...
-------------------------
____________________ test_trajectory_storage_comprehensive _____________________
/home/emilio/Documents/ai/md/test_files/test_trajectory_final.py:128: in test_trajectory_storage_comprehensive
    sim.save_trajectory(filename)
/home/emilio/Documents/ai/md/proteinMD/core/simulation.py:1509: in save_trajectory
    np.savez_compressed(
/home/emilio/Documents/ai/md/.venv/lib/python3.12/site-packages/numpy/lib/_npyio_impl.py:763: in savez_compressed
    _savez(file, args, kwds, True, allow_pickle=allow_pickle)
/home/emilio/Documents/ai/md/.venv/lib/python3.12/site-packages/numpy/lib/_npyio_impl.py:789: in _savez
    zipf = zipfile_factory(file, mode="w", compression=compression)
/home/emilio/Documents/ai/md/.venv/lib/python3.12/site-packages/numpy/lib/_npyio_impl.py:103: in zipfile_factory
    return zipfile.ZipFile(file, *args, **kwargs)
/usr/lib/python3.12/zipfile/__init__.py:1331: in __init__
    self.fp = io.open(file, filemode)
E   FileNotFoundError: [Errno 2] No such file or directory: 'test_100_final.npz'
----------------------------- Captured stdout call -----------------------------
 COMPREHENSIVE TRAJECTORY STORAGE TEST
==================================================

 Test 1: Basic trajectory saving with 100+ steps
Running 150 steps with stride 50
Expected frames: 3
 Simulation completed
 Trajectory saved to /tmp/tmp39hfke_3/test_final_trajectory.npz

 Test 2: Loading and verifying trajectory
 Trajectory loaded successfully
 3 frames verified
 Time range: 0.100 to 0.300 ps
 Position data validated

 Test 3: Multiple trajectory operations
____________________________ test_trajectory_saving ____________________________
/home/emilio/Documents/ai/md/test_files/test_trajectory_fix.py:66: in test_trajectory_saving
    sim.save_trajectory(filename)
/home/emilio/Documents/ai/md/proteinMD/core/simulation.py:1509: in save_trajectory
    np.savez_compressed(
/home/emilio/Documents/ai/md/.venv/lib/python3.12/site-packages/numpy/lib/_npyio_impl.py:763: in savez_compressed
    _savez(file, args, kwds, True, allow_pickle=allow_pickle)
/home/emilio/Documents/ai/md/.venv/lib/python3.12/site-packages/numpy/lib/_npyio_impl.py:789: in _savez
    zipf = zipfile_factory(file, mode="w", compression=compression)
/home/emilio/Documents/ai/md/.venv/lib/python3.12/site-packages/numpy/lib/_npyio_impl.py:103: in zipfile_factory
    return zipfile.ZipFile(file, *args, **kwargs)
/usr/lib/python3.12/zipfile/__init__.py:1331: in __init__
    self.fp = io.open(file, filemode)
E   FileNotFoundError: [Errno 2] No such file or directory: 'test_50_steps.npz'
----------------------------- Captured stdout call -----------------------------
Testing trajectory saving with different step counts...

--- Testing 50 steps ---
Step 1: time=0.0020ps, T=300.00K
Step 2: time=0.0040ps, T=300.00K
Step 3: time=0.0060ps, T=300.00K
Step 4: time=0.0080ps, T=300.00K
Step 5: time=0.0100ps, T=300.00K
Step 6: time=0.0120ps, T=300.00K
Step 7: time=0.0140ps, T=300.00K
Step 8: time=0.0160ps, T=300.00K
Step 9: time=0.0180ps, T=300.00K
=============================== warnings summary ===============================
proteinMD/tests/conftest.py:287
  /home/emilio/Documents/ai/md/proteinMD/tests/conftest.py:287: PytestUnknownMarkWarning: Unknown pytest.mark.slow - is this a typo?  You can register custom marks to avoid this warning - for details, see https://docs.pytest.org/en/stable/how-to/mark.html
    pytest.param(1000, id="performance_1000_atoms", marks=pytest.mark.slow),

proteinMD/tests/test_integration_workflows.py:587
  /home/emilio/Documents/ai/md/proteinMD/tests/test_integration_workflows.py:587: PytestUnknownMarkWarning: Unknown pytest.mark.validation - is this a typo?  You can register custom marks to avoid this warning - for details, see https://docs.pytest.org/en/stable/how-to/mark.html
    @pytest.mark.validation

proteinMD/tests/test_integration_workflows.py:849
  /home/emilio/Documents/ai/md/proteinMD/tests/test_integration_workflows.py:849: PytestUnknownMarkWarning: Unknown pytest.mark.benchmark - is this a typo?  You can register custom marks to avoid this warning - for details, see https://docs.pytest.org/en/stable/how-to/mark.html
    @pytest.mark.benchmark

proteinMD/test_multithreading_final.py::test_optimized_parallel_forces
  /home/emilio/Documents/ai/md/.venv/lib/python3.12/site-packages/_pytest/python.py:163: PytestReturnNotNoneWarning: Expected None, but proteinMD/test_multithreading_final.py::test_optimized_parallel_forces returned np.True_, which will be an error in a future version of pytest.  Did you mean to use `assert` instead of `return`?
    warnings.warn(

proteinMD/test_multithreading_improved.py::test_improved_parallel_forces
  /home/emilio/Documents/ai/md/.venv/lib/python3.12/site-packages/_pytest/python.py:163: PytestReturnNotNoneWarning: Expected None, but proteinMD/test_multithreading_improved.py::test_improved_parallel_forces returned True, which will be an error in a future version of pytest.  Did you mean to use `assert` instead of `return`?
    warnings.warn(

proteinMD/test_replica_exchange_simple.py::test_remd_basic
  /home/emilio/Documents/ai/md/.venv/lib/python3.12/site-packages/_pytest/python.py:163: PytestReturnNotNoneWarning: Expected None, but proteinMD/test_replica_exchange_simple.py::test_remd_basic returned True, which will be an error in a future version of pytest.  Did you mean to use `assert` instead of `return`?
    warnings.warn(

proteinMD/test_task_41_completion.py::test_amber_ff14sb_basic
  /home/emilio/Documents/ai/md/.venv/lib/python3.12/site-packages/_pytest/python.py:163: PytestReturnNotNoneWarning: Expected None, but proteinMD/test_task_41_completion.py::test_amber_ff14sb_basic returned True, which will be an error in a future version of pytest.  Did you mean to use `assert` instead of `return`?
    warnings.warn(

proteinMD/test_task_41_completion.py::test_validation_system
  /home/emilio/Documents/ai/md/.venv/lib/python3.12/site-packages/_pytest/python.py:163: PytestReturnNotNoneWarning: Expected None, but proteinMD/test_task_41_completion.py::test_validation_system returned True, which will be an error in a future version of pytest.  Did you mean to use `assert` instead of `return`?
    warnings.warn(

proteinMD/test_task_41_completion.py::test_amber_benchmarking
  /home/emilio/Documents/ai/md/.venv/lib/python3.12/site-packages/_pytest/python.py:163: PytestReturnNotNoneWarning: Expected None, but proteinMD/test_task_41_completion.py::test_amber_benchmarking returned True, which will be an error in a future version of pytest.  Did you mean to use `assert` instead of `return`?
    warnings.warn(

proteinMD/test_trajectory_animation_simple.py::test_trajectory_animation
  /home/emilio/Documents/ai/md/.venv/lib/python3.12/site-packages/_pytest/python.py:163: PytestReturnNotNoneWarning: Expected None, but proteinMD/test_trajectory_animation_simple.py::test_trajectory_animation returned False, which will be an error in a future version of pytest.  Did you mean to use `assert` instead of `return`?
    warnings.warn(

proteinMD/tests/test_integration_workflows.py::TestCrossPlatformCompatibility::test_performance_variations[linux]
  /home/emilio/Documents/ai/md/proteinMD/tests/test_integration_workflows.py:826: RuntimeWarning: divide by zero encountered in power
    forces = np.sum(distances**-2, axis=1)

proteinMD/tests/test_radius_of_gyration.py::TestBasicCalculations::test_center_of_mass_edge_cases
test_files/test_radius_of_gyration_analysis.py::test_edge_cases
  /home/emilio/Documents/ai/md/proteinMD/analysis/radius_of_gyration.py:52: UserWarning: Total mass is zero, returning geometric center
    warnings.warn("Total mass is zero, returning geometric center")

proteinMD/tests/test_sampling.py::TestSamplingIntegration::test_umbrella_sampling_workflow
  /home/emilio/Documents/ai/md/proteinMD/tests/../sampling/umbrella_sampling.py:603: RuntimeWarning: overflow encountered in scalar divide
    unbiased_prob[bin_idx] = numerator / denominator

proteinMD/tests/test_sampling.py::TestSamplingIntegration::test_umbrella_sampling_workflow
  /home/emilio/Documents/ai/md/proteinMD/tests/../sampling/umbrella_sampling.py:622: RuntimeWarning: invalid value encountered in subtract
    offset_change = np.max(np.abs(self.free_energy_offsets - old_offsets))

proteinMD/tests/test_visualization.py::TestEnergyDashboard::test_energy_plot_generation
proteinMD/tests/test_visualization.py::TestVisualizationPerformanceRegression::test_energy_plot_update_performance
  /home/emilio/Documents/ai/md/proteinMD/tests/../visualization/energy_dashboard.py:291: UserWarning: Attempting to set identical low and high ylims makes transformation singular; automatically expanding.
    self.axes['temperature'].set_ylim(

simple_cli_test.py::test_step_by_step
  /home/emilio/Documents/ai/md/.venv/lib/python3.12/site-packages/_pytest/python.py:163: PytestReturnNotNoneWarning: Expected None, but simple_cli_test.py::test_step_by_step returned 1, which will be an error in a future version of pytest.  Did you mean to use `assert` instead of `return`?
    warnings.warn(

simplified_large_test.py::test_cli_large_scale
  /home/emilio/Documents/ai/md/.venv/lib/python3.12/site-packages/_pytest/python.py:163: PytestReturnNotNoneWarning: Expected None, but simplified_large_test.py::test_cli_large_scale returned False, which will be an error in a future version of pytest.  Did you mean to use `assert` instead of `return`?
    warnings.warn(

temp_scripts/direct_pbc_test.py::test_pbc_with_water_positions
  /home/emilio/Documents/ai/md/.venv/lib/python3.12/site-packages/_pytest/python.py:163: PytestReturnNotNoneWarning: Expected None, but temp_scripts/direct_pbc_test.py::test_pbc_with_water_positions returned True, which will be an error in a future version of pytest.  Did you mean to use `assert` instead of `return`?
    warnings.warn(

test_custom_forcefield.py::test_custom_forcefield_import
  /home/emilio/Documents/ai/md/.venv/lib/python3.12/site-packages/_pytest/python.py:163: PytestReturnNotNoneWarning: Expected None, but test_custom_forcefield.py::test_custom_forcefield_import returned True, which will be an error in a future version of pytest.  Did you mean to use `assert` instead of `return`?
    warnings.warn(

test_database_cli_integration.py::test_database_cli_integration
  /home/emilio/Documents/ai/md/.venv/lib/python3.12/site-packages/_pytest/python.py:163: PytestReturnNotNoneWarning: Expected None, but test_database_cli_integration.py::test_database_cli_integration returned 1, which will be an error in a future version of pytest.  Did you mean to use `assert` instead of `return`?
    warnings.warn(

test_database_integration.py::test_database_models
  /home/emilio/Documents/ai/md/.venv/lib/python3.12/site-packages/_pytest/python.py:163: PytestReturnNotNoneWarning: Expected None, but test_database_integration.py::test_database_models returned True, which will be an error in a future version of pytest.  Did you mean to use `assert` instead of `return`?
    warnings.warn(

test_database_integration.py::test_database_manager
  /home/emilio/Documents/ai/md/.venv/lib/python3.12/site-packages/_pytest/python.py:163: PytestReturnNotNoneWarning: Expected None, but test_database_integration.py::test_database_manager returned True, which will be an error in a future version of pytest.  Did you mean to use `assert` instead of `return`?
    warnings.warn(

test_database_integration.py::test_search_engine
  /home/emilio/Documents/ai/md/.venv/lib/python3.12/site-packages/_pytest/python.py:163: PytestReturnNotNoneWarning: Expected None, but test_database_integration.py::test_search_engine returned True, which will be an error in a future version of pytest.  Did you mean to use `assert` instead of `return`?
    warnings.warn(

test_database_integration.py::test_backup_manager
  /home/emilio/Documents/ai/md/.venv/lib/python3.12/site-packages/_pytest/python.py:163: PytestReturnNotNoneWarning: Expected None, but test_database_integration.py::test_backup_manager returned True, which will be an error in a future version of pytest.  Did you mean to use `assert` instead of `return`?
    warnings.warn(

test_database_integration.py::test_database_cli
  /home/emilio/Documents/ai/md/.venv/lib/python3.12/site-packages/_pytest/python.py:163: PytestReturnNotNoneWarning: Expected None, but test_database_integration.py::test_database_cli returned True, which will be an error in a future version of pytest.  Did you mean to use `assert` instead of `return`?
    warnings.warn(

test_database_integration.py::test_integration
  /home/emilio/Documents/ai/md/.venv/lib/python3.12/site-packages/_pytest/python.py:163: PytestReturnNotNoneWarning: Expected None, but test_database_integration.py::test_integration returned True, which will be an error in a future version of pytest.  Did you mean to use `assert` instead of `return`?
    warnings.warn(

test_files/test_amber_validation.py::test_protein_validation
  /home/emilio/Documents/ai/md/.venv/lib/python3.12/site-packages/_pytest/python.py:163: PytestReturnNotNoneWarning: Expected None, but test_files/test_amber_validation.py::test_protein_validation returned <proteinMD.forcefield.amber_validator.ValidationResult object at 0x7af1cb3e18b0>, which will be an error in a future version of pytest.  Did you mean to use `assert` instead of `return`?
    warnings.warn(

test_files/test_implicit_solvent.py::test_gb_models
  /home/emilio/Documents/ai/md/.venv/lib/python3.12/site-packages/_pytest/python.py:163: PytestReturnNotNoneWarning: Expected None, but test_files/test_implicit_solvent.py::test_gb_models returned {'GB-HCT': {'energy': np.float64(-1839.6760115962315), 'force_rms': np.float64(142.77694085511976), 'max_force': np.float64(328.9443799518028)}, 'GB-OBC1': {'energy': np.float64(-1839.6760115962315), 'force_rms': np.float64(142.77694085511976), 'max_force': np.float64(328.9443799518028)}, 'GB-OBC2': {'energy': np.float64(-1839.6760115962315), 'force_rms': np.float64(142.77694085511976), 'max_force': np.float64(328.9443799518028)}}, which will be an error in a future version of pytest.  Did you mean to use `assert` instead of `return`?
    warnings.warn(

test_files/test_implicit_solvent.py::test_surface_area_models
  /home/emilio/Documents/ai/md/.venv/lib/python3.12/site-packages/_pytest/python.py:163: PytestReturnNotNoneWarning: Expected None, but test_files/test_implicit_solvent.py::test_surface_area_models returned {'LCPO': {'energy': np.float64(0.12491939418241228), 'force_rms': np.float64(0.051791192143416466)}}, which will be an error in a future version of pytest.  Did you mean to use `assert` instead of `return`?
    warnings.warn(

test_files/test_implicit_solvent.py::test_speedup_performance
  /home/emilio/Documents/ai/md/.venv/lib/python3.12/site-packages/_pytest/python.py:163: PytestReturnNotNoneWarning: Expected None, but test_files/test_implicit_solvent.py::test_speedup_performance returned {20: {'implicit_time_ms': 2.6668190956115723, 'calcs_per_sec': 374.9785659048138, 'estimated_speedup': 225.0}, 50: {'implicit_time_ms': 13.79789113998413, 'calcs_per_sec': 72.47484342749715, 'estimated_speedup': 225.0}, 100: {'implicit_time_ms': 51.080501079559326, 'calcs_per_sec': 19.576941863637394, 'estimated_speedup': 225.0}, 200: {'implicit_time_ms': 193.54838132858276, 'calcs_per_sec': 5.166666820645337, 'estimated_speedup': 225.0}}, which will be an error in a future version of pytest.  Did you mean to use `assert` instead of `return`?
    warnings.warn(

test_files/test_implicit_solvent.py::test_energy_conservation
  /home/emilio/Documents/ai/md/.venv/lib/python3.12/site-packages/_pytest/python.py:163: PytestReturnNotNoneWarning: Expected None, but test_files/test_implicit_solvent.py::test_energy_conservation returned {'energies': [np.float64(-1392.4042928462804), np.float64(-1392.539728860135), np.float64(-1392.5168066177262), np.float64(-1392.5640723035597), np.float64(-1392.5689569716124), np.float64(-1392.4896120448784), np.float64(-1392.431095703231), np.float64(-1392.4705176718178), np.float64(-1392.4128482926767), np.float64(-1392.4380332800033), np.float64(-1393.879022815101), np.float64(-1392.4621244868504), np.float64(-1393.9956028349059), np.float64(-1394.0082182637384), np.float64(-1393.7547569932897), np.float64(-1393.9135232096003), np.float64(-1392.683079795538), np.float64(-1392.663787403405), np.float64(-1392.688269533954), np.float64(-1388.583651795508)], 'drift': np.float64(3.8206410507723376), 'stability': np.float64(0.002743916454726222)}, which will be an error in a future version of pytest.  Did you mean to use `assert` instead of `return`?
    warnings.warn(

test_files/test_implicit_solvent.py::test_parameter_sensitivity
  /home/emilio/Documents/ai/md/.venv/lib/python3.12/site-packages/_pytest/python.py:163: PytestReturnNotNoneWarning: Expected None, but test_files/test_implicit_solvent.py::test_parameter_sensitivity returned {'dielectric_test': {1.0: np.float64(0.17438328077471965), 2.0: np.float64(-256.5747777428246), 4.0: np.float64(-384.9493582546238), 78.5: np.float64(-506.7825588677331)}, 'ionic_test': {0.0: np.float64(-506.7825588677331), 0.1: np.float64(-506.7825588677331), 0.15: np.float64(-506.7825588677331), 0.5: np.float64(-506.7825588677331)}}, which will be an error in a future version of pytest.  Did you mean to use `assert` instead of `return`?
    warnings.warn(

test_files/test_implicit_solvent.py::test_comparison_with_known_values
  /home/emilio/Documents/ai/md/.venv/lib/python3.12/site-packages/_pytest/python.py:163: PytestReturnNotNoneWarning: Expected None, but test_files/test_implicit_solvent.py::test_comparison_with_known_values returned {'single_charge': {'energy': np.float64(-403.40861158213585), 'expected_range': (-400, -200), 'in_range': np.False_}, 'dipole': {'energy': np.float64(-98.3892119520594), 'expected_range': (-50, -10), 'in_range': np.False_}}, which will be an error in a future version of pytest.  Did you mean to use `assert` instead of `return`?
    warnings.warn(

test_files/test_multiple_proteins.py::test_protein_validation[protein0-alpha_helix]
  /home/emilio/Documents/ai/md/.venv/lib/python3.12/site-packages/_pytest/python.py:163: PytestReturnNotNoneWarning: Expected None, but test_files/test_multiple_proteins.py::test_protein_validation[protein0-alpha_helix] returned <proteinMD.forcefield.amber_validator.ValidationResult object at 0x7af1b2929b50>, which will be an error in a future version of pytest.  Did you mean to use `assert` instead of `return`?
    warnings.warn(

test_files/test_multiple_proteins.py::test_protein_validation[protein0-beta_sheet]
  /home/emilio/Documents/ai/md/.venv/lib/python3.12/site-packages/_pytest/python.py:163: PytestReturnNotNoneWarning: Expected None, but test_files/test_multiple_proteins.py::test_protein_validation[protein0-beta_sheet] returned <proteinMD.forcefield.amber_validator.ValidationResult object at 0x7af1b292aab0>, which will be an error in a future version of pytest.  Did you mean to use `assert` instead of `return`?
    warnings.warn(

test_files/test_multiple_proteins.py::test_protein_validation[protein0-mixed_secondary]
  /home/emilio/Documents/ai/md/.venv/lib/python3.12/site-packages/_pytest/python.py:163: PytestReturnNotNoneWarning: Expected None, but test_files/test_multiple_proteins.py::test_protein_validation[protein0-mixed_secondary] returned <proteinMD.forcefield.amber_validator.ValidationResult object at 0x7af1b2929430>, which will be an error in a future version of pytest.  Did you mean to use `assert` instead of `return`?
    warnings.warn(

test_files/test_multiple_proteins.py::test_protein_validation[protein1-alpha_helix]
  /home/emilio/Documents/ai/md/.venv/lib/python3.12/site-packages/_pytest/python.py:163: PytestReturnNotNoneWarning: Expected None, but test_files/test_multiple_proteins.py::test_protein_validation[protein1-alpha_helix] returned <proteinMD.forcefield.amber_validator.ValidationResult object at 0x7af1b2929940>, which will be an error in a future version of pytest.  Did you mean to use `assert` instead of `return`?
    warnings.warn(

test_files/test_multiple_proteins.py::test_protein_validation[protein1-beta_sheet]
  /home/emilio/Documents/ai/md/.venv/lib/python3.12/site-packages/_pytest/python.py:163: PytestReturnNotNoneWarning: Expected None, but test_files/test_multiple_proteins.py::test_protein_validation[protein1-beta_sheet] returned <proteinMD.forcefield.amber_validator.ValidationResult object at 0x7af1b2928bc0>, which will be an error in a future version of pytest.  Did you mean to use `assert` instead of `return`?
    warnings.warn(

test_files/test_multiple_proteins.py::test_protein_validation[protein1-mixed_secondary]
  /home/emilio/Documents/ai/md/.venv/lib/python3.12/site-packages/_pytest/python.py:163: PytestReturnNotNoneWarning: Expected None, but test_files/test_multiple_proteins.py::test_protein_validation[protein1-mixed_secondary] returned <proteinMD.forcefield.amber_validator.ValidationResult object at 0x7af1b2929280>, which will be an error in a future version of pytest.  Did you mean to use `assert` instead of `return`?
    warnings.warn(

test_files/test_multiple_proteins.py::test_protein_validation[protein2-alpha_helix]
  /home/emilio/Documents/ai/md/.venv/lib/python3.12/site-packages/_pytest/python.py:163: PytestReturnNotNoneWarning: Expected None, but test_files/test_multiple_proteins.py::test_protein_validation[protein2-alpha_helix] returned <proteinMD.forcefield.amber_validator.ValidationResult object at 0x7af1b2928530>, which will be an error in a future version of pytest.  Did you mean to use `assert` instead of `return`?
    warnings.warn(

test_files/test_multiple_proteins.py::test_protein_validation[protein2-beta_sheet]
  /home/emilio/Documents/ai/md/.venv/lib/python3.12/site-packages/_pytest/python.py:163: PytestReturnNotNoneWarning: Expected None, but test_files/test_multiple_proteins.py::test_protein_validation[protein2-beta_sheet] returned <proteinMD.forcefield.amber_validator.ValidationResult object at 0x7af1b2928650>, which will be an error in a future version of pytest.  Did you mean to use `assert` instead of `return`?
    warnings.warn(

test_files/test_multiple_proteins.py::test_protein_validation[protein2-mixed_secondary]
  /home/emilio/Documents/ai/md/.venv/lib/python3.12/site-packages/_pytest/python.py:163: PytestReturnNotNoneWarning: Expected None, but test_files/test_multiple_proteins.py::test_protein_validation[protein2-mixed_secondary] returned <proteinMD.forcefield.amber_validator.ValidationResult object at 0x7af1b292bad0>, which will be an error in a future version of pytest.  Did you mean to use `assert` instead of `return`?
    warnings.warn(

test_files/test_protein_3d.py::TestTaskRequirements::test_requirement_export_capabilities
test_files/test_trajectory_animation.py::TestTrajectoryAnimation::test_different_display_modes
test_files/test_trajectory_animation.py::TestTrajectoryAnimation::test_save_animation_gif
test_files/test_trajectory_animation.py::TestTrajectoryAnimation::test_trajectory_animator_with_controls
  /home/emilio/Documents/ai/md/.venv/lib/python3.12/site-packages/matplotlib/animation.py:908: UserWarning: Animation was deleted without rendering anything. This is most likely not intended. To prevent deletion, assign the Animation to a variable, e.g. `anim`, that exists until you output the Animation using `plt.show()` or `anim.save()`.
    warnings.warn(

test_files/test_realtime_viewer.py::test_realtime_viewer_creation
  /home/emilio/Documents/ai/md/.venv/lib/python3.12/site-packages/_pytest/python.py:163: PytestReturnNotNoneWarning: Expected None, but test_files/test_realtime_viewer.py::test_realtime_viewer_creation returned True, which will be an error in a future version of pytest.  Did you mean to use `assert` instead of `return`?
    warnings.warn(

test_files/test_realtime_viewer.py::test_visualization_setup
test_files/test_realtime_viewer.py::test_data_update
  /home/emilio/Documents/ai/md/proteinMD/visualization/realtime_viewer.py:177: UserWarning: This figure includes Axes that are not compatible with tight_layout, so results might be incorrect.
    plt.tight_layout()

test_files/test_realtime_viewer.py::test_visualization_setup
  /home/emilio/Documents/ai/md/.venv/lib/python3.12/site-packages/_pytest/python.py:163: PytestReturnNotNoneWarning: Expected None, but test_files/test_realtime_viewer.py::test_visualization_setup returned True, which will be an error in a future version of pytest.  Did you mean to use `assert` instead of `return`?
    warnings.warn(

test_files/test_realtime_viewer.py::test_performance_measurement
  /home/emilio/Documents/ai/md/.venv/lib/python3.12/site-packages/_pytest/python.py:163: PytestReturnNotNoneWarning: Expected None, but test_files/test_realtime_viewer.py::test_performance_measurement returned True, which will be an error in a future version of pytest.  Did you mean to use `assert` instead of `return`?
    warnings.warn(

test_files/test_realtime_viewer.py::test_toggle_functionality
  /home/emilio/Documents/ai/md/.venv/lib/python3.12/site-packages/_pytest/python.py:163: PytestReturnNotNoneWarning: Expected None, but test_files/test_realtime_viewer.py::test_toggle_functionality returned True, which will be an error in a future version of pytest.  Did you mean to use `assert` instead of `return`?
    warnings.warn(

test_files/test_realtime_viewer.py::test_data_update
  /home/emilio/Documents/ai/md/.venv/lib/python3.12/site-packages/_pytest/python.py:163: PytestReturnNotNoneWarning: Expected None, but test_files/test_realtime_viewer.py::test_data_update returned True, which will be an error in a future version of pytest.  Did you mean to use `assert` instead of `return`?
    warnings.warn(

test_files/test_realtime_viewer.py::test_simulation_integration
  /home/emilio/Documents/ai/md/.venv/lib/python3.12/site-packages/_pytest/python.py:163: PytestReturnNotNoneWarning: Expected None, but test_files/test_realtime_viewer.py::test_simulation_integration returned True, which will be an error in a future version of pytest.  Did you mean to use `assert` instead of `return`?
    warnings.warn(

test_files/test_task_1_1.py::test_trajectory_requirements
  /home/emilio/Documents/ai/md/.venv/lib/python3.12/site-packages/_pytest/python.py:163: PytestReturnNotNoneWarning: Expected None, but test_files/test_task_1_1.py::test_trajectory_requirements returned False, which will be an error in a future version of pytest.  Did you mean to use `assert` instead of `return`?
    warnings.warn(

test_files/test_task_3_4_verification.py::test_dssp_algorithm
  /home/emilio/Documents/ai/md/.venv/lib/python3.12/site-packages/_pytest/python.py:163: PytestReturnNotNoneWarning: Expected None, but test_files/test_task_3_4_verification.py::test_dssp_algorithm returned True, which will be an error in a future version of pytest.  Did you mean to use `assert` instead of `return`?
    warnings.warn(

test_files/test_task_3_4_verification.py::test_color_coded_visualization
  /home/emilio/Documents/ai/md/.venv/lib/python3.12/site-packages/_pytest/python.py:163: PytestReturnNotNoneWarning: Expected None, but test_files/test_task_3_4_verification.py::test_color_coded_visualization returned True, which will be an error in a future version of pytest.  Did you mean to use `assert` instead of `return`?
    warnings.warn(

test_files/test_task_3_4_verification.py::test_structure_time_analysis
  /home/emilio/Documents/ai/md/.venv/lib/python3.12/site-packages/_pytest/python.py:163: PytestReturnNotNoneWarning: Expected None, but test_files/test_task_3_4_verification.py::test_structure_time_analysis returned True, which will be an error in a future version of pytest.  Did you mean to use `assert` instead of `return`?
    warnings.warn(

test_files/test_task_3_4_verification.py::test_timeline_export
  /home/emilio/Documents/ai/md/.venv/lib/python3.12/site-packages/_pytest/python.py:163: PytestReturnNotNoneWarning: Expected None, but test_files/test_task_3_4_verification.py::test_timeline_export returned True, which will be an error in a future version of pytest.  Did you mean to use `assert` instead of `return`?
    warnings.warn(

test_files/test_task_3_5_verification.py::test_geometric_detection
  /home/emilio/Documents/ai/md/.venv/lib/python3.12/site-packages/_pytest/python.py:163: PytestReturnNotNoneWarning: Expected None, but test_files/test_task_3_5_verification.py::test_geometric_detection returned True, which will be an error in a future version of pytest.  Did you mean to use `assert` instead of `return`?
    warnings.warn(

test_files/test_task_3_5_verification.py::test_lifetime_statistics
  /home/emilio/Documents/ai/md/.venv/lib/python3.12/site-packages/_pytest/python.py:163: PytestReturnNotNoneWarning: Expected None, but test_files/test_task_3_5_verification.py::test_lifetime_statistics returned True, which will be an error in a future version of pytest.  Did you mean to use `assert` instead of `return`?
    warnings.warn(

test_files/test_task_3_5_verification.py::test_visualization
  /home/emilio/Documents/ai/md/.venv/lib/python3.12/site-packages/_pytest/python.py:163: PytestReturnNotNoneWarning: Expected None, but test_files/test_task_3_5_verification.py::test_visualization returned False, which will be an error in a future version of pytest.  Did you mean to use `assert` instead of `return`?
    warnings.warn(

test_files/test_task_3_5_verification.py::test_csv_export
  /home/emilio/Documents/ai/md/.venv/lib/python3.12/site-packages/_pytest/python.py:163: PytestReturnNotNoneWarning: Expected None, but test_files/test_task_3_5_verification.py::test_csv_export returned False, which will be an error in a future version of pytest.  Did you mean to use `assert` instead of `return`?
    warnings.warn(

test_task_13_1_comprehensive.py::test_pca_imports
  /home/emilio/Documents/ai/md/.venv/lib/python3.12/site-packages/_pytest/python.py:163: PytestReturnNotNoneWarning: Expected None, but test_task_13_1_comprehensive.py::test_pca_imports returned True, which will be an error in a future version of pytest.  Did you mean to use `assert` instead of `return`?
    warnings.warn(

test_task_13_1_comprehensive.py::test_pca_calculation
  /home/emilio/Documents/ai/md/.venv/lib/python3.12/site-packages/_pytest/python.py:163: PytestReturnNotNoneWarning: Expected None, but test_task_13_1_comprehensive.py::test_pca_calculation returned PCAResults(eigenvalues=array([2.12923152, 1.03410133, 0.27195222, 0.04416569, 0.04365701,
         0.04266604, 0.04051616, 0.03877853, 0.03824276, 0.03661209]), eigenvectors=array([[-0.23940883, -0.02054752,  0.00213666, ...,  0.24791301,
           0.01854311,  0.00338643],
         [ 0.02592608, -0.22342029, -0.01158185, ..., -0.01861195,
           0.23469512,  0.03559602],
         [-0.02249732, -0.0055442 ,  0.2364217 , ..., -0.03779174,
           0.03499413, -0.23567438],
         ...,
         [ 0.08820694, -0.01111037, -0.07469096, ..., -0.04449106,
          -0.09038149,  0.02569173],
         [ 0.0497511 , -0.05021515, -0.09138513, ..., -0.00164708,
           0.1221893 , -0.06241739],
         [ 0.14999943, -0.02912318,  0.0606941 , ..., -0.05919064,
           0.12188044, -0.0361257 ]], shape=(10, 150)), projections=array([[ 2.25662031e-01,  5.16487151e-02,  6.91371989e-02,
          -1.34852123e-01,  9.59009807e-02, -3.34344965e-02,
           1.14443480e-02,  9.02733860e-02,  1.16115445e-01,
           2.07185219e-01],
         [ 2.51395010e-01, -6.68946225e-02, -1.92295353e-01,
          -1.02622372e-01,  7.65617369e-02, -1.02784867e-01,
          -2.09900800e-02,  7.31285048e-02, -2.29928298e-01,
           7.37510485e-02],
         [ 3.33754389e-01,  1.80447329e-01,  2.08519264e-01,
          -3.40998759e-01,  4.77236018e-02,  3.53241708e-01,
          -3.01131367e-01,  4.62628222e-01, -4.73488321e-02,
          -2.86717985e-01],
         [ 4.89038141e-01,  7.26922683e-02,  1.51166020e-01,
           1.80072933e-01, -1.81283789e-01, -4.51883427e-01,
          -9.99053232e-02,  3.37371493e-01,  5.71245266e-02,
          -2.28883429e-01],
         [ 7.43936881e-01,  9.44276142e-01, -7.71933573e-02,
          -6.40228189e-03, -2.89611482e-01, -1.51392158e-01,
          -1.89263720e-01, -2.73638381e-01, -1.40758598e-01,
          -2.14913636e-01],
         [ 7.36774460e-01,  2.12654508e-01, -3.50807894e-01,
          -3.08233948e-01,  1.98761192e-01,  2.50343847e-01,
          -6.65987071e-02,  3.78278321e-01, -1.03625459e-01,
          -4.66567064e-01],
         [ 8.30442467e-01,  9.99547976e-01, -6.45425597e-01,
          -2.65912276e-01,  1.94561982e-01,  1.40540644e-01,
           8.94520198e-02, -2.51479419e-01,  5.09120021e-01,
           7.45892803e-02],
         [ 9.03201737e-01,  4.82008161e-01,  9.33273957e-01,
           1.44899824e-01,  3.49530315e-01, -2.37269569e-01,
           2.40165253e-03, -1.98487944e-02,  1.58698361e-01,
          -1.11672931e-01],
         [ 1.02723028e+00,  1.67098354e+00, -6.72481425e-01,
           6.73708347e-02,  5.95670171e-02,  1.70621702e-01,
          -1.74552306e-01, -8.59255786e-02, -2.12254760e-02,
           2.02209910e-01],
         [ 9.97137073e-01,  1.96642444e+00,  1.80755223e-01,
          -2.30405254e-04,  1.92243900e-01, -7.49725203e-03,
           4.56453778e-01, -3.35821075e-02, -2.31333605e-01,
           3.84785253e-02],
         [ 1.20099180e+00,  2.22548110e+00,  7.28592723e-01,
          -2.61765238e-03,  1.22922233e-01,  1.36186797e-01,
          -4.13735981e-03, -2.31094379e-01,  3.65240360e-02,
           3.86715331e-01],
         [ 1.28847948e+00,  1.50275200e+00, -8.03444333e-01,
           2.23865636e-01,  7.49142582e-02,  2.52258567e-02,
          -1.90862593e-01,  3.42963099e-02, -5.50165268e-02,
          -2.54917338e-02],
         [ 1.55204068e+00,  1.65030370e+00,  5.38321306e-01,
          -2.10664749e-01, -1.72554017e-01, -1.69467249e-01,
          -2.28500655e-01, -1.20607350e-01, -5.97505185e-03,
          -1.68708859e-02],
         [ 1.56920969e+00,  1.29046234e+00, -1.06532252e+00,
          -2.05726548e-01,  8.12842031e-03,  1.68695856e-01,
          -1.17769786e-01, -2.08358754e-01,  1.39329555e-01,
          -4.20131878e-01],
         [ 1.78951556e+00,  1.84278588e+00, -7.17457179e-01,
           4.48559234e-01,  3.72366536e-03, -4.55725924e-02,
          -2.55025629e-01, -5.04100358e-02,  2.54240265e-01,
           1.49007087e-01],
         [ 1.69468125e+00,  1.31967114e+00,  6.86251636e-01,
          -2.84487265e-01, -3.71306164e-03,  9.29062606e-02,
          -4.86906483e-02,  1.60610460e-01, -4.28172796e-02,
          -8.67412959e-03],
         [ 1.70227027e+00,  2.74341681e-01,  9.78174129e-01,
          -7.52599948e-02, -3.91098608e-01, -2.96285558e-01,
          -8.85397185e-02, -1.97072238e-02,  2.58259621e-02,
          -1.49271574e-01],
         [ 1.91218064e+00,  1.62829390e+00, -2.72028394e-01,
          -2.04857591e-01,  1.39711044e-01,  1.36329680e-01,
           7.58064036e-02,  1.12614114e-01, -1.78280853e-01,
          -1.06038565e-01],
         [ 1.90733177e+00,  5.69029991e-02, -5.52260401e-01,
           1.13761920e-01, -6.47679502e-02, -5.26273485e-02,
           1.44063993e-01,  2.32825949e-01,  2.38006099e-01,
          -4.07468444e-02],
         [ 1.83982830e+00, -1.47012326e-02,  3.16737590e-01,
          -2.30333353e-02,  2.31913945e-01, -6.28530167e-02,
           8.12623373e-02,  2.09254132e-01, -1.48654911e-01,
          -4.49351865e-02],
         [ 1.96078162e+00,  9.40580725e-01, -3.14686558e-01,
          -1.80630181e-01,  1.93853098e-01, -1.23622988e-02,
          -3.21409077e-01,  2.27695329e-01,  1.04156868e-01,
           1.77013504e-01],
         [ 1.86425581e+00, -4.72145024e-02, -2.49461986e-01,
          -8.28498165e-02, -3.30597908e-01, -5.15572474e-02,
           3.54217081e-01,  1.83748783e-01, -1.31303545e-01,
           3.07752313e-01],
         [ 2.08160333e+00,  1.04433686e-01, -1.36653772e-01,
          -1.49492212e-01, -4.87505116e-02, -3.71640255e-01,
           1.62732826e-01, -2.06463100e-02,  1.41401718e-02,
          -1.32690846e-01],
         [ 2.03651785e+00, -1.13658524e-01,  1.66973591e-01,
           9.89546229e-02, -1.42362002e-01,  4.56996613e-02,
          -3.56859792e-01, -2.58583327e-01,  1.90574534e-01,
           1.01002973e-01],
         [ 1.92786145e+00, -1.53756612e-01,  2.22270438e-01,
           1.85889996e-01,  1.26976182e-01,  3.61773632e-02,
          -2.82987600e-01, -1.20360333e-03, -3.73801209e-01,
           3.36749390e-02],
         [ 2.15960007e+00, -1.90621483e-01, -3.34983967e-01,
           1.93016259e-01,  5.97878743e-02, -3.81481535e-02,
           2.54097130e-01, -9.50787453e-02,  1.12807677e-02,
          -1.21946770e-02],
         [ 2.07620313e+00, -7.84402138e-01,  1.38540279e-01,
          -2.22425269e-01, -9.50579383e-02, -1.33289709e-01,
           2.70851773e-01, -2.10359127e-01, -4.09534324e-01,
          -1.89069964e-01],
         [ 2.05103663e+00, -4.42164099e-01,  3.56123340e-01,
           8.44466169e-02, -3.95593532e-01,  6.13087898e-03,
          -7.55471059e-03,  1.36846364e-02,  1.56718472e-01,
          -1.27962453e-02],
         [ 2.08778584e+00, -1.16268896e-01,  2.00910182e-02,
          -2.61778272e-01, -4.57888831e-02, -2.96208785e-02,
          -1.30354014e-01, -9.64407412e-02,  2.01428202e-01,
           1.30503783e-01],
         [ 1.97531969e+00, -9.43597122e-01,  4.07145772e-01,
          -1.74919300e-01, -9.57005918e-02,  5.22743007e-02,
          -1.14384879e-01,  3.78919438e-02,  1.47621372e-01,
           8.75021497e-02],
         [ 1.97525909e+00, -5.21287370e-01,  6.13431098e-01,
          -1.61691674e-02,  1.45849025e-01, -4.79620008e-01,
           1.81933863e-01, -1.05235458e-01,  1.50510427e-01,
          -2.79234375e-01],
         [ 1.87824228e+00, -2.95615185e-01, -5.52772041e-01,
           1.05581024e-01,  3.24346061e-01, -1.42389031e-01,
           3.95181305e-01,  6.11891882e-02,  4.14951171e-01,
           3.33335023e-01],
         [ 1.95797760e+00, -1.39178571e-01,  1.74197741e-01,
           4.50189293e-01, -7.41047366e-02,  2.82190047e-01,
           2.48095921e-01, -1.55531285e-01,  8.55815586e-02,
           7.30973960e-02],
         [ 1.49197342e+00, -2.01979359e+00,  3.70791869e-01,
          -3.28840588e-02,  2.86462310e-02, -2.68702431e-01,
          -1.39775102e-01, -2.83849414e-01, -3.59818503e-01,
           1.78995284e-02],
         [ 1.33973263e+00, -2.55630863e+00, -5.94785438e-01,
           1.81771395e-01,  1.51717520e-01, -5.83740429e-02,
           1.09849803e-01,  1.62624480e-01,  2.08354910e-01,
           2.38151485e-01],
         [ 1.32273440e+00, -2.47299830e+00,  1.94270497e-01,
           1.31859990e-01, -5.81593087e-02,  1.65052298e-01,
          -9.79603693e-03, -1.42991591e-01,  2.13631706e-01,
          -4.96808722e-02],
         [ 1.75247214e+00, -2.59645805e-01,  5.58475328e-01,
          -1.57507104e-01,  1.27631047e-01,  3.46025327e-01,
           4.30578474e-02, -2.53328489e-02,  1.02462963e-02,
           2.42423232e-01],
         [ 1.37009560e+00, -9.66489505e-01,  1.28383269e+00,
          -1.60195615e-02, -1.09472774e-01,  1.35050659e-01,
           1.11385248e-01, -2.70947396e-01,  1.63257274e-01,
          -2.09266488e-01],
         [ 1.48376001e+00, -1.85446254e-01, -5.79692235e-01,
           4.64526325e-01, -3.76138552e-01, -6.36389062e-02,
           1.00771441e-01,  4.55083433e-01, -4.19178574e-02,
          -1.81001704e-01],
         [ 1.38328804e+00, -1.01811774e+00, -1.18271751e+00,
          -3.47125655e-02,  4.87269505e-03, -1.63485288e-01,
           4.54532933e-02,  2.58450831e-01,  3.05680488e-01,
          -1.87598487e-02],
         [ 9.49863964e-01, -9.93372136e-01, -1.09504968e+00,
          -2.22973791e-02, -1.61632808e-01,  9.48338785e-02,
          -3.56115726e-01, -1.39726368e-02, -2.98301268e-01,
          -1.11587196e-01],
         [ 1.05586913e+00, -1.91923650e+00,  1.07875451e+00,
           2.11255332e-01,  2.96985252e-01, -3.63630621e-02,
          -1.85226453e-01,  1.37108305e-01, -2.35961808e-01,
          -1.07411259e-01],
         [ 9.67990768e-01, -1.43698871e-03, -8.31964909e-02,
          -7.25381336e-02,  1.69575711e-01,  2.29617122e-01,
           3.39578219e-01, -2.74934914e-01, -1.36429463e-01,
           1.53449152e-01],
         [ 8.91989881e-01, -4.74594581e-01,  8.36387698e-01,
          -1.23246718e-01, -4.94228020e-02,  3.36578604e-01,
          -1.13582711e-01, -1.92900992e-01,  9.96078312e-02,
           1.56806419e-01],
         [ 6.59124547e-01, -9.71051897e-01,  8.55664554e-01,
           1.45443717e-01, -1.60162105e-02,  2.45383802e-01,
           3.04569124e-02,  3.13434800e-01, -2.50417796e-01,
           1.88311578e-01],
         [ 3.93141966e-01, -1.07549779e+00,  5.56315577e-02,
           3.55489157e-01, -7.91354881e-02, -1.05540132e-01,
          -2.51057374e-01, -6.57001809e-02, -4.04087496e-01,
          -1.99119186e-02],
         [ 3.08677194e-01, -1.70348992e+00,  1.65239043e-01,
          -7.33636569e-02,  1.03255837e-01,  3.56158704e-01,
          -2.32467161e-01,  5.52635271e-01,  2.64910956e-01,
           1.13285751e-02],
         [ 5.06499193e-01, -3.71733809e-01, -4.34339170e-01,
           3.15523671e-01, -2.99885197e-01,  1.02436943e-01,
          -7.85246217e-02,  1.51155895e-01, -1.15717520e-01,
          -1.89552024e-01],
         [ 3.20968125e-01,  1.40385986e-01, -1.54978339e-01,
           3.03746626e-02, -3.04668523e-02, -9.26386588e-02,
          -3.94919237e-01, -1.35164873e-01,  2.18086828e-01,
          -8.12107331e-02],
         [ 2.40089802e-01,  3.87343563e-02,  1.12155845e-02,
           9.41996993e-02,  5.01570857e-01, -1.12153367e-01,
           1.82837243e-02, -2.63222551e-01, -1.99054395e-01,
           1.15323104e-01],
         [ 6.67438934e-02,  1.95778138e-01, -3.16821993e-02,
          -7.87767665e-02,  2.04965114e-01,  2.95833407e-01,
          -3.91001144e-01, -2.35728616e-01, -3.45417966e-01,
           1.21500382e-01],
         [-2.90963329e-01,  1.53322158e-01, -3.18171054e-02,
          -3.94369319e-01,  2.72591403e-01,  2.26600789e-01,
           1.26942615e-02,  2.26488440e-01,  2.39231062e-02,
          -9.37330410e-02],
         [-2.34101636e-01,  5.95194803e-01,  1.02903901e-01,
          -2.11458207e-01, -9.38040926e-02,  2.37466514e-02,
           1.90941808e-01,  1.09771117e-01, -1.71749262e-01,
          -2.31078891e-01],
         [-3.21071583e-01,  5.50169692e-01, -2.32007807e-01,
           2.71973065e-01,  2.03046971e-01, -1.43091945e-01,
           4.81359175e-01, -7.46420562e-02,  9.37390238e-02,
          -8.16384759e-02],
         [-4.74014178e-01,  5.68227120e-01, -4.92413797e-01,
          -2.08191279e-01, -3.60465290e-01, -4.61935952e-01,
           2.84224396e-02,  2.89791093e-01, -3.96567754e-01,
           7.10574057e-01],
         [-5.27124841e-01,  5.40945870e-01,  4.05510766e-01,
           2.88617367e-01,  2.80370552e-02,  7.27492870e-02,
           2.02814216e-01,  1.22429224e-02,  7.29822128e-02,
           1.68209802e-01],
         [-6.68539737e-01,  8.83588046e-01, -2.81904491e-01,
           1.02131046e-01, -2.55753307e-01,  9.34734502e-02,
          -1.71809778e-01, -2.39188530e-01, -1.97478514e-01,
           4.27315269e-02],
         [-8.02714318e-01,  1.43967486e+00,  2.27459639e-01,
          -1.97810188e-01,  1.40223961e-02,  1.83657234e-01,
           4.66058848e-02,  2.60031304e-01, -6.77613682e-02,
           1.14988705e-01],
         [-9.19328108e-01,  1.09747567e+00, -3.47154050e-01,
          -1.04789938e-01,  3.44805961e-02, -1.05156422e-01,
          -2.44469877e-02,  2.77547280e-02,  2.47644107e-02,
          -4.45567890e-02],
         [-8.94826571e-01,  4.33759740e-01,  5.25611764e-01,
          -2.57983525e-02, -4.41865558e-02,  2.90632768e-01,
           2.58583821e-01, -3.07761023e-02,  1.72862979e-02,
          -1.80250754e-01],
         [-1.18682522e+00,  2.43165405e-01, -1.64116291e-01,
           1.01044258e-01, -6.93186347e-02,  2.91455629e-01,
           1.29428488e-01, -1.35828759e-02, -1.44646429e-01,
          -1.43895236e-01],
         [-1.18203132e+00,  1.85211208e+00,  3.81602962e-01,
          -3.05201199e-02, -1.71601406e-01, -1.83015053e-01,
           1.14447503e-01,  5.97881563e-02, -2.62640114e-01,
           5.68296365e-02],
         [-1.29876341e+00,  1.53034179e-01, -1.41600122e-01,
           3.78135723e-01,  4.15595391e-01, -4.61767617e-02,
           3.28732845e-02, -3.04638045e-02, -9.81601710e-02,
           1.78312995e-02],
         [-1.32703497e+00,  1.01913999e+00,  8.60546336e-01,
           5.86974846e-03, -2.11324177e-01, -2.30202445e-01,
          -2.10319447e-01, -2.09987551e-01,  2.16188824e-01,
          -2.29777820e-02],
         [-1.67418483e+00,  1.83226766e+00, -4.58146704e-01,
           1.00802770e-01, -1.73035018e-01, -1.14582735e-01,
          -1.26513508e-01, -3.74300361e-03,  6.97512078e-02,
           3.40566919e-01],
         [-1.45800651e+00,  6.40160330e-01, -6.29269282e-01,
          -9.41703475e-02,  1.68448246e-01, -5.76012429e-02,
          -3.04054661e-01,  1.30408158e-01, -5.53802852e-02,
           3.46643880e-02],
         [-1.73972791e+00,  1.63420746e+00, -2.61802570e-01,
           1.26234677e-01, -7.27523087e-02,  1.76295973e-01,
           3.68497537e-01,  2.26263756e-01,  1.81767978e-01,
          -3.40407475e-01],
         [-1.63315667e+00,  1.74294458e+00,  3.07313930e-01,
           1.00058856e-01,  3.49007754e-01, -1.28792834e-01,
           2.11109393e-01,  9.42115463e-02, -5.56655941e-02,
          -1.38606204e-01],
         [-1.74292962e+00,  6.94930209e-01,  7.70144388e-01,
           2.20344185e-01, -2.60238864e-01,  1.23624234e-01,
          -3.33103908e-02,  6.00814138e-02, -1.85939728e-02,
           4.54330761e-02],
         [-1.82715067e+00,  4.12766018e-01,  6.95344066e-01,
           1.29919935e-01,  1.84833045e-01, -1.42883579e-03,
          -1.18893171e-01, -1.56972255e-01,  2.83928161e-01,
          -5.30263770e-02],
         [-1.66365552e+00,  3.14090049e-01, -1.52038831e-01,
          -1.33265433e-01, -9.97819268e-02, -2.41220525e-01,
           2.32908578e-01,  3.26899250e-02, -5.56710869e-02,
          -2.15740570e-02],
         [-1.88775055e+00,  7.83906897e-01,  2.40635191e-01,
           3.63428256e-02, -1.10335720e-01,  1.02793080e-01,
          -8.83679499e-02, -2.08831486e-01,  9.79042865e-02,
          -4.13782926e-01],
         [-2.00349607e+00,  1.94643505e-01,  1.02998912e-01,
           2.14598470e-01, -9.14081475e-02,  4.48444210e-02,
           3.45885092e-02,  8.57282387e-02,  1.82529523e-02,
           3.65430132e-01],
         [-1.92053555e+00,  3.11693222e-01,  7.11411697e-02,
          -6.14694225e-02, -4.34350890e-02,  7.70042289e-02,
          -1.14483969e-01,  8.39943344e-02,  7.10998761e-02,
           3.65766609e-01],
         [-2.08936797e+00,  1.67879262e-01,  1.96229005e-01,
          -1.43649183e-01, -5.20705028e-01,  8.20113292e-02,
           1.76853947e-02, -8.41494969e-03,  5.24763793e-02,
           4.13474594e-02],
         [-2.26443877e+00,  1.84085564e-01,  1.23820497e-01,
           2.20592224e-01, -2.31246362e-01,  2.61945398e-01,
           8.90822604e-02,  2.04909715e-02, -6.00666137e-02,
          -4.06963131e-01],
         [-2.02733842e+00, -6.95711435e-02,  6.15197913e-02,
           4.21657561e-01,  1.27360481e-01, -9.37303729e-02,
          -5.81697789e-02,  3.18186271e-01, -1.19291672e-01,
          -9.87342885e-02],
         [-2.19696620e+00,  1.19657372e-01,  2.44862007e-01,
          -3.69939200e-01,  2.83196791e-01, -3.42881826e-01,
          -3.00493088e-01, -3.75051319e-02,  5.75118976e-01,
          -3.33873802e-03],
         [-2.08167723e+00,  1.60728628e-01,  1.80438765e-01,
           5.73331267e-02,  1.46004955e-01,  1.09236006e-01,
           3.53911943e-01,  1.37595045e-01, -9.43982266e-02,
           2.46729751e-01],
         [-2.03157720e+00, -5.47558597e-01, -8.19238916e-02,
           1.63765144e-01, -1.35600005e-01, -4.31240967e-01,
          -2.57090283e-01,  1.78343474e-01,  2.01548084e-01,
          -7.43823035e-02],
         [-1.94162394e+00,  1.58313215e-01,  6.45637677e-02,
          -7.55267795e-02,  2.73919746e-01,  2.01123900e-02,
          -9.82629798e-02, -6.64100179e-02, -6.95449134e-02,
          -1.45960229e-01],
         [-1.92457526e+00,  1.48766864e-01, -1.06544956e-01,
          -2.13456701e-01, -3.75615838e-02, -1.21482220e-01,
          -5.25925314e-02, -2.21292562e-01,  6.94792822e-02,
          -8.48936331e-02],
         [-1.86459733e+00, -8.19501911e-01, -7.29352899e-01,
           9.64973289e-02,  1.29019949e-01,  1.97975576e-02,
          -1.65872655e-01, -1.68211241e-01, -3.98882583e-02,
          -1.37565595e-01],
         [-1.78646908e+00, -8.76520922e-01,  5.57564506e-01,
           1.32764394e-01,  2.83844126e-01, -2.74528912e-01,
          -1.88118293e-01, -2.03182062e-01, -1.71349979e-01,
           5.28569120e-02],
         [-1.72143488e+00, -1.45040474e+00,  7.14671578e-02,
          -8.20113750e-02,  2.91922804e-01, -3.63304406e-01,
          -1.19423423e-01,  2.03271533e-01,  9.85417560e-02,
           1.12853824e-01],
         [-1.92422692e+00, -1.11931147e+00,  4.52787724e-01,
           5.62150815e-02, -2.06444647e-01,  4.29701341e-02,
           2.35085238e-01, -2.51408749e-01,  1.94906012e-01,
           2.45498776e-01],
         [-1.64906727e+00, -2.83241088e-01,  5.79858270e-01,
          -2.63924593e-01, -2.16984793e-01,  1.19358644e-01,
          -1.96638623e-01,  2.05216778e-01, -1.62782611e-01,
           1.89715177e-01],
         [-1.49693290e+00, -9.59669165e-01, -6.72046182e-01,
           1.32109908e-01,  3.11268122e-01,  4.87617886e-01,
           6.63898617e-02, -2.20396493e-01,  6.28587792e-02,
          -6.84458882e-02],
         [-1.70420085e+00, -1.27553716e+00, -9.82879983e-01,
          -3.58013543e-03,  9.94380645e-02, -8.50305833e-03,
          -1.89362433e-01, -3.23019915e-01, -1.46290613e-01,
           1.57371221e-01],
         [-1.40002247e+00, -9.68121569e-01,  9.39792443e-01,
           8.88351202e-02,  5.97231689e-02, -3.48480273e-02,
           9.25413242e-02,  2.80171702e-01,  1.49371477e-01,
          -4.74113174e-02],
         [-1.41265052e+00, -1.46315782e+00, -7.86583276e-01,
          -1.26719894e-01, -5.80867605e-02,  2.86221723e-01,
          -1.75745772e-01, -4.34875204e-02, -1.00872952e-01,
           6.97053770e-02],
         [-1.16008161e+00, -1.47864633e+00,  2.10974804e-02,
          -7.66470797e-02,  2.05041365e-01,  1.30906412e-03,
           2.26121331e-01,  1.55957459e-01, -2.97211591e-01,
          -2.36871276e-02],
         [-1.24654923e+00, -1.66403165e+00, -2.21044517e-01,
          -4.17113991e-01, -4.62580715e-01,  1.32508559e-01,
           2.88735410e-01, -1.95764712e-01,  1.68101885e-01,
           1.44338175e-01],
         [-9.61728209e-01, -1.19803395e+00, -4.48161063e-01,
           1.44822677e-01, -2.89904499e-01, -1.95851954e-01,
           1.39628273e-02,  7.65811870e-02,  3.05839591e-01,
          -9.94899117e-02],
         [-1.03826822e+00, -1.48367359e+00,  3.70403414e-02,
          -5.05382357e-01,  9.69170735e-02,  1.84838945e-01,
           1.29091536e-01,  2.96233381e-02,  1.11556961e-01,
           4.73257580e-02],
         [-5.85598094e-01, -7.16756630e-01, -9.85210019e-01,
           1.15917991e-02,  1.39253784e-01, -1.74485783e-01,
           1.27126438e-01, -2.01538685e-01, -1.80480464e-01,
          -4.74890138e-02],
         [-3.82756131e-01, -5.65929742e-01, -5.15101960e-01,
           9.08976823e-03, -4.59924266e-01,  3.00167615e-01,
           1.75959923e-01, -1.84335506e-01, -1.54215778e-03,
           3.44406669e-02],
         [-6.37733851e-01, -7.53002183e-01, -5.80962552e-01,
          -6.54509300e-01, -2.02820051e-02, -5.29432619e-01,
           3.50648337e-01, -2.02050689e-01, -2.41622300e-01,
          -2.59787652e-01],
         [-1.28650730e-01, -9.77984013e-02, -2.00080365e-01,
           1.97154641e-01, -1.60060058e-01,  1.37461427e-01,
           7.30630295e-02, -9.45756211e-02,  1.49291163e-01,
          -1.21581779e-01],
         [-1.96094583e-01, -2.13399303e-01,  7.36581248e-02,
           2.24258817e-01,  1.49661764e-02, -4.18838720e-02,
           3.44425810e-02, -4.18408528e-01, -9.00178403e-02,
          -1.25678578e-01]]), explained_variance_ratio=array([0.44051553, 0.21394465, 0.05626405, 0.00913742, 0.00903217,
         0.00882715, 0.00838237, 0.00802287, 0.00791202, 0.00757466]), cumulative_variance=array([0.44051553, 0.65446018, 0.71072422, 0.71986164, 0.72889381,
         0.73772097, 0.74610333, 0.7541262 , 0.76203822, 0.76961288]), mean_structure=array([[ 2.39807708e-02,  7.90917270e-03, -5.66245750e-03],
         [ 1.21662269e-01, -4.10739540e-04,  8.35459123e-03],
         [ 2.34079590e-01,  6.26736321e-03, -1.28322020e-02],
         [ 3.24095938e-01,  8.38257870e-03,  1.04658923e-02],
         [ 4.23121882e-01,  9.47921891e-03, -1.02846444e-03],
         [ 5.27398887e-01, -2.14509108e-03, -8.76373650e-03],
         [ 6.29554652e-01,  2.12608482e-04, -1.95221486e-02],
         [ 7.32621058e-01, -1.65729061e-02, -1.81554636e-02],
         [ 8.25664647e-01,  1.51786772e-02, -1.09153649e-02],
         [ 9.21839143e-01, -4.36994235e-03, -1.77435157e-03],
         [ 1.02774709e+00, -2.36609744e-03, -4.98421572e-05],
         [ 1.14024721e+00,  9.28109698e-03, -2.10692146e-03],
         [ 1.22664049e+00,  9.74927979e-03, -1.82314755e-02],
         [ 1.31357262e+00,  1.35151923e-02, -1.32685595e-02],
         [ 1.43305653e+00, -8.66012072e-03,  3.87718144e-03],
         [ 1.53044264e+00, -1.73458377e-03, -8.36633158e-03],
         [ 1.61123873e+00,  1.36733419e-02, -1.17724209e-02],
         [ 1.74216456e+00, -4.72288420e-03,  6.79239796e-03],
         [ 1.83879903e+00,  2.64110455e-02, -3.71460036e-03],
         [ 1.92220389e+00,  2.48280501e-02,  6.72500670e-04],
         [ 2.03540659e+00,  4.25688648e-03, -3.64724017e-03],
         [ 2.12295139e+00,  5.30691478e-03, -2.63096736e-02],
         [ 2.20959228e+00, -2.15215052e-04, -1.31290749e-02],
         [ 2.33826189e+00,  6.63329634e-03, -1.92314421e-02],
         [ 2.40957153e+00,  2.59264623e-02, -2.87773495e-03],
         [ 2.50617786e+00,  7.25419267e-03, -3.42102444e-02],
         [ 2.61290223e+00, -1.50522955e-03, -5.27673655e-03],
         [ 2.73080120e+00,  1.64164731e-02,  1.29187726e-02],
         [ 2.82387452e+00,  1.64667365e-02, -2.90904135e-03],
         [ 2.92654848e+00,  1.59268923e-02, -1.08196088e-02],
         [ 3.00987091e+00,  1.71980508e-02, -1.95011622e-03],
         [ 3.11749120e+00,  5.89034602e-03, -1.07998278e-02],
         [ 3.23404844e+00, -2.97571072e-03, -5.54843520e-03],
         [ 3.32216187e+00, -1.69447741e-02, -1.51180186e-02],
         [ 3.42016873e+00,  2.05889640e-02, -2.34604618e-02],
         [ 3.53358445e+00,  2.91740722e-02, -6.00028142e-03],
         [ 3.60733973e+00,  3.47079703e-02, -4.62882661e-03],
         [ 3.71887081e+00,  1.84375935e-02, -5.30438471e-03],
         [ 3.81825557e+00,  1.53678042e-02, -1.54411694e-02],
         [ 3.92251704e+00,  1.34524636e-02, -2.44233031e-02],
         [ 4.02126029e+00,  1.77437971e-02, -4.37696470e-03],
         [ 4.09800918e+00,  8.55897690e-03, -9.84241545e-03],
         [ 4.23502362e+00,  1.45775078e-02, -2.25351984e-02],
         [ 4.31594055e+00,  2.63998436e-02,  2.77321189e-03],
         [ 4.43532155e+00,  1.67877165e-02, -1.52394432e-02],
         [ 4.52836587e+00,  9.44376727e-03,  6.00795261e-05],
         [ 4.60355202e+00,  1.51685382e-02, -2.16566257e-02],
         [ 4.71612942e+00,  3.23451055e-02, -1.34644095e-02],
         [ 4.83403791e+00,  7.67915957e-03, -3.13288202e-03],
         [ 4.90915505e+00,  2.92317491e-02, -2.76413319e-02]]), n_components=10, trajectory_length=100, atom_selection='all'), which will be an error in a future version of pytest.  Did you mean to use `assert` instead of `return`?
    warnings.warn(

test_task_13_1_comprehensive.py::test_projection_visualization
  /home/emilio/Documents/ai/md/.venv/lib/python3.12/site-packages/_pytest/unraisableexception.py:85: PytestUnraisableExceptionWarning: Exception ignored on calling ctypes callback function: <function ThreadpoolController._find_libraries_with_dl_iterate_phdr.<locals>.match_library_callback at 0x7af1c9b5c4a0>
  
  Traceback (most recent call last):
    File "/home/emilio/Documents/ai/md/.venv/lib/python3.12/site-packages/threadpoolctl.py", line 1005, in match_library_callback
      self._make_controller_from_path(filepath)
    File "/home/emilio/Documents/ai/md/.venv/lib/python3.12/site-packages/threadpoolctl.py", line 1146, in _make_controller_from_path
      filepath = _realpath(filepath)
                 ^^^^^^^^^^^^^^^^^^^
    File "/home/emilio/Documents/ai/md/.venv/lib/python3.12/site-packages/threadpoolctl.py", line 548, in _realpath
      return os.path.realpath(filepath)
             ^^^^^^^^^^^^^^^^^^^^^^^^^^
    File "<frozen posixpath>", line 436, in realpath
    File "<frozen posixpath>", line 423, in abspath
  FileNotFoundError: [Errno 2] No such file or directory
  
    warnings.warn(pytest.PytestUnraisableExceptionWarning(msg))

test_task_13_1_comprehensive.py::test_projection_visualization
  /home/emilio/Documents/ai/md/.venv/lib/python3.12/site-packages/_pytest/python.py:163: PytestReturnNotNoneWarning: Expected None, but test_task_13_1_comprehensive.py::test_projection_visualization returned False, which will be an error in a future version of pytest.  Did you mean to use `assert` instead of `return`?
    warnings.warn(

test_task_13_1_comprehensive.py::test_pc_export
  /home/emilio/Documents/ai/md/.venv/lib/python3.12/site-packages/_pytest/python.py:163: PytestReturnNotNoneWarning: Expected None, but test_task_13_1_comprehensive.py::test_pc_export returned False, which will be an error in a future version of pytest.  Did you mean to use `assert` instead of `return`?
    warnings.warn(

test_task_13_1_comprehensive.py::test_advanced_features
  /home/emilio/Documents/ai/md/.venv/lib/python3.12/site-packages/_pytest/python.py:163: PytestReturnNotNoneWarning: Expected None, but test_task_13_1_comprehensive.py::test_advanced_features returned False, which will be an error in a future version of pytest.  Did you mean to use `assert` instead of `return`?
    warnings.warn(

test_task_13_1_comprehensive.py::test_complete_workflow
  /home/emilio/Documents/ai/md/.venv/lib/python3.12/site-packages/_pytest/python.py:163: PytestReturnNotNoneWarning: Expected None, but test_task_13_1_comprehensive.py::test_complete_workflow returned False, which will be an error in a future version of pytest.  Did you mean to use `assert` instead of `return`?
    warnings.warn(

test_task_13_1_comprehensive.py::test_atom_selection_modes
  /home/emilio/Documents/ai/md/.venv/lib/python3.12/site-packages/_pytest/python.py:163: PytestReturnNotNoneWarning: Expected None, but test_task_13_1_comprehensive.py::test_atom_selection_modes returned True, which will be an error in a future version of pytest.  Did you mean to use `assert` instead of `return`?
    warnings.warn(

test_workflow_integration.py::test_workflow_integration
  /home/emilio/Documents/ai/md/.venv/lib/python3.12/site-packages/_pytest/python.py:163: PytestReturnNotNoneWarning: Expected None, but test_workflow_integration.py::test_workflow_integration returned True, which will be an error in a future version of pytest.  Did you mean to use `assert` instead of `return`?
    warnings.warn(

test_workflow_integration.py::test_cli_help_integration
  /home/emilio/Documents/ai/md/.venv/lib/python3.12/site-packages/_pytest/python.py:163: PytestReturnNotNoneWarning: Expected None, but test_workflow_integration.py::test_cli_help_integration returned True, which will be an error in a future version of pytest.  Did you mean to use `assert` instead of `return`?
    warnings.warn(

test_workflow_integration.py::test_workflow_examples_creation
  /home/emilio/Documents/ai/md/.venv/lib/python3.12/site-packages/_pytest/python.py:163: PytestReturnNotNoneWarning: Expected None, but test_workflow_integration.py::test_workflow_examples_creation returned False, which will be an error in a future version of pytest.  Did you mean to use `assert` instead of `return`?
    warnings.warn(

-- Docs: https://docs.pytest.org/en/stable/how-to/capture-warnings.html
=========================== short test summary info ============================
FAILED test_error_handling_system.py::TestLoggingConfiguration::test_config_file_operations
FAILED test_error_handling_system.py::TestLoggingConfiguration::test_template_configs
FAILED test_files/test_radius_of_gyration_analysis.py::test_visualization - F...
FAILED test_files/test_task_3_3_verification.py::test_task_3_3_requirements
FAILED test_files/test_trajectory_final.py::test_trajectory_storage_comprehensive
FAILED test_files/test_trajectory_fix.py::test_trajectory_saving - FileNotFou...
= 6 failed, 808 passed, 72 skipped, 2 xfailed, 76 warnings in 152.23s (0:02:32) =
